{"numTotalTestSuites":122,"numPassedTestSuites":118,"numFailedTestSuites":4,"numPendingTestSuites":0,"numTotalTests":281,"numPassedTests":59,"numFailedTests":222,"numPendingTests":0,"numTodoTests":0,"startTime":1754149233235,"success":false,"testResults":[{"assertionResults":[{"ancestorTitles":["","CampaignCard Accessibility Tests","Basic Accessibility Compliance"],"fullName":" CampaignCard Accessibility Tests Basic Accessibility Compliance should not have any accessibility violations with complete campaign data","status":"failed","title":"should not have any accessibility violations with complete campaign data","duration":2695,"failureMessages":["Invalid Chai property: toHaveNoViolations"],"location":{"line":23,"column":14}},{"ancestorTitles":["","CampaignCard Accessibility Tests","Basic Accessibility Compliance"],"fullName":" CampaignCard Accessibility Tests Basic Accessibility Compliance should not have any accessibility violations with minimal campaign data","status":"failed","title":"should not have any accessibility violations with minimal campaign data","duration":1910,"failureMessages":["Invalid Chai property: toHaveNoViolations"],"location":{"line":41,"column":14}},{"ancestorTitles":["","CampaignCard Accessibility Tests","Basic Accessibility Compliance"],"fullName":" CampaignCard Accessibility Tests Basic Accessibility Compliance should not have any accessibility violations for different campaign statuses","status":"failed","title":"should not have any accessibility violations for different campaign statuses","duration":1903,"failureMessages":["Invalid Chai property: toHaveNoViolations"],"location":{"line":52,"column":16}},{"ancestorTitles":["","CampaignCard Accessibility Tests","Semantic Structure"],"fullName":" CampaignCard Accessibility Tests Semantic Structure should have proper semantic HTML structure","status":"failed","title":"should have proper semantic HTML structure","duration":90,"failureMessages":["\u001b[2mexpect(\u001b[22m\u001b[31mreceived\u001b[39m\u001b[2m).toBeInTheDocument()\u001b[22m\n\n\u001b[31mreceived\u001b[39m value must be an HTMLElement or an SVGElement.\n"],"location":{"line":64,"column":23}},{"ancestorTitles":["","CampaignCard Accessibility Tests","Semantic Structure"],"fullName":" CampaignCard Accessibility Tests Semantic Structure should have accessible heading hierarchy","status":"failed","title":"should have accessible heading hierarchy","duration":1393,"failureMessages":["Invalid Chai property: toHaveNoViolations"],"location":{"line":92,"column":14}},{"ancestorTitles":["","CampaignCard Accessibility Tests","Semantic Structure"],"fullName":" CampaignCard Accessibility Tests Semantic Structure should provide semantic list structure for prizes when applicable","status":"failed","title":"should provide semantic list structure for prizes when applicable","duration":1342,"failureMessages":["Invalid Chai property: toHaveNoViolations"],"location":{"line":107,"column":14}},{"ancestorTitles":["","CampaignCard Accessibility Tests","Interactive Elements"],"fullName":" CampaignCard Accessibility Tests Interactive Elements should have accessible interactive card element","status":"failed","title":"should have accessible interactive card element","duration":159,"failureMessages":["\u001b[2mexpect(\u001b[22m\u001b[31melement\u001b[39m\u001b[2m).toHaveAttribute(\u001b[22m\u001b[32m\u001b[32m\"tabindex\"\u001b[32m\u001b[39m\u001b[2m, \u001b[22m\u001b[32m\u001b[32m\"0\"\u001b[32m\u001b[39m\u001b[2m) // element.getAttribute(\"tabindex\") === \"0\"\u001b[22m\n\nExpected the element to have attribute:\n\u001b[32m  tabindex=\"0\"\u001b[39m\nReceived:\n\u001b[31m  null\u001b[39m"],"location":{"line":121,"column":34}},{"ancestorTitles":["","CampaignCard Accessibility Tests","Interactive Elements"],"fullName":" CampaignCard Accessibility Tests Interactive Elements should have proper ARIA labels for interactive elements","status":"failed","title":"should have proper ARIA labels for interactive elements","duration":360,"failureMessages":["\u001b[2mexpect(\u001b[22m\u001b[31melement\u001b[39m\u001b[2m).toHaveAccessibleName()\u001b[22m\n\nExpected element to have accessible name:\n\u001b[32m  undefined\u001b[39m\nReceived:\n\u001b[31m\u001b[39m"],"location":{"line":138,"column":25}},{"ancestorTitles":["","CampaignCard Accessibility Tests","Interactive Elements"],"fullName":" CampaignCard Accessibility Tests Interactive Elements should support keyboard navigation","status":"failed","title":"should support keyboard navigation","duration":63,"failureMessages":["unknown rule `focusable-element` in options.rules"],"location":{"line":28435,"column":23}},{"ancestorTitles":["","CampaignCard Accessibility Tests","Images and Media"],"fullName":" CampaignCard Accessibility Tests Images and Media should have accessible image with proper alt text","status":"failed","title":"should have accessible image with proper alt text","duration":1010,"failureMessages":["Invalid Chai property: toHaveNoViolations"],"location":{"line":182,"column":14}},{"ancestorTitles":["","CampaignCard Accessibility Tests","Images and Media"],"fullName":" CampaignCard Accessibility Tests Images and Media should handle missing images gracefully","status":"failed","title":"should handle missing images gracefully","duration":1789,"failureMessages":["Invalid Chai property: toHaveNoViolations"],"location":{"line":190,"column":14}},{"ancestorTitles":["","CampaignCard Accessibility Tests","Images and Media"],"fullName":" CampaignCard Accessibility Tests Images and Media should provide alternative content when images fail to load","status":"failed","title":"should provide alternative content when images fail to load","duration":1355,"failureMessages":["Invalid Chai property: toHaveNoViolations"],"location":{"line":204,"column":14}},{"ancestorTitles":["","CampaignCard Accessibility Tests","Progress Indicators"],"fullName":" CampaignCard Accessibility Tests Progress Indicators should have accessible progress bar","status":"failed","title":"should have accessible progress bar","duration":114,"failureMessages":["\u001b[2mexpect(\u001b[22m\u001b[31melement\u001b[39m\u001b[2m).toHaveAttribute(\u001b[22m\u001b[32m\u001b[32m\"aria-valuenow\"\u001b[32m\u001b[39m\u001b[2m) // element.hasAttribute(\"aria-valuenow\")\u001b[22m\n\nExpected the element to have attribute:\n\u001b[32m  aria-valuenow\u001b[39m\nReceived:\n\u001b[31m  null\u001b[39m"],"location":{"line":215,"column":29}},{"ancestorTitles":["","CampaignCard Accessibility Tests","Progress Indicators"],"fullName":" CampaignCard Accessibility Tests Progress Indicators should provide meaningful progress information","status":"failed","title":"should provide meaningful progress information","duration":58,"failureMessages":["\u001b[2mexpect(\u001b[22m\u001b[31melement\u001b[39m\u001b[2m).toHaveAttribute(\u001b[22m\u001b[32m\u001b[32m\"aria-valuenow\"\u001b[32m\u001b[39m\u001b[2m, \u001b[22m\u001b[32m\u001b[32m\"75\"\u001b[32m\u001b[39m\u001b[2m) // element.getAttribute(\"aria-valuenow\") === \"75\"\u001b[22m\n\nExpected the element to have attribute:\n\u001b[32m  aria-valuenow=\"75\"\u001b[39m\nReceived:\n\u001b[31m  null\u001b[39m"],"location":{"line":236,"column":29}},{"ancestorTitles":["","CampaignCard Accessibility Tests","Status Communication"],"fullName":" CampaignCard Accessibility Tests Status Communication should communicate campaign status accessibly","status":"failed","title":"should communicate campaign status accessibly","duration":1347,"failureMessages":["Invalid Chai property: toHaveNoViolations"],"location":{"line":262,"column":16}},{"ancestorTitles":["","CampaignCard Accessibility Tests","Status Communication"],"fullName":" CampaignCard Accessibility Tests Status Communication should provide time-based status information accessibly","status":"failed","title":"should provide time-based status information accessibly","duration":1756,"failureMessages":["Invalid Chai property: toHaveNoViolations"],"location":{"line":276,"column":14}},{"ancestorTitles":["","CampaignCard Accessibility Tests","Content Organization"],"fullName":" CampaignCard Accessibility Tests Content Organization should organize information hierarchically","status":"failed","title":"should organize information hierarchically","duration":1440,"failureMessages":["Invalid Chai property: toHaveNoViolations"],"location":{"line":295,"column":14}},{"ancestorTitles":["","CampaignCard Accessibility Tests","Content Organization"],"fullName":" CampaignCard Accessibility Tests Content Organization should group related information accessibly","status":"failed","title":"should group related information accessibly","duration":1258,"failureMessages":["Invalid Chai property: toHaveNoViolations"],"location":{"line":304,"column":14}},{"ancestorTitles":["","CampaignCard Accessibility Tests","Content Organization"],"fullName":" CampaignCard Accessibility Tests Content Organization should handle long campaign names and descriptions","status":"failed","title":"should handle long campaign names and descriptions","duration":1162,"failureMessages":["Invalid Chai property: toHaveNoViolations"],"location":{"line":317,"column":14}},{"ancestorTitles":["","CampaignCard Accessibility Tests","Error States and Edge Cases"],"fullName":" CampaignCard Accessibility Tests Error States and Edge Cases should handle missing prize information accessibly","status":"failed","title":"should handle missing prize information accessibly","duration":1225,"failureMessages":["Invalid Chai property: toHaveNoViolations"],"location":{"line":330,"column":14}},{"ancestorTitles":["","CampaignCard Accessibility Tests","Error States and Edge Cases"],"fullName":" CampaignCard Accessibility Tests Error States and Edge Cases should handle empty prize arrays accessibly","status":"failed","title":"should handle empty prize arrays accessibly","duration":1177,"failureMessages":["Invalid Chai property: toHaveNoViolations"],"location":{"line":338,"column":14}},{"ancestorTitles":["","CampaignCard Accessibility Tests","Error States and Edge Cases"],"fullName":" CampaignCard Accessibility Tests Error States and Edge Cases should handle invalid dates gracefully","status":"failed","title":"should handle invalid dates gracefully","duration":1257,"failureMessages":["Invalid Chai property: toHaveNoViolations"],"location":{"line":350,"column":14}},{"ancestorTitles":["","CampaignCard Accessibility Tests","Responsive Accessibility"],"fullName":" CampaignCard Accessibility Tests Responsive Accessibility should maintain accessibility on mobile viewports","status":"failed","title":"should maintain accessibility on mobile viewports","duration":1215,"failureMessages":["Invalid Chai property: toHaveNoViolations"],"location":{"line":366,"column":14}},{"ancestorTitles":["","CampaignCard Accessibility Tests","Responsive Accessibility"],"fullName":" CampaignCard Accessibility Tests Responsive Accessibility should maintain accessibility on tablet viewports","status":"failed","title":"should maintain accessibility on tablet viewports","duration":1525,"failureMessages":["Invalid Chai property: toHaveNoViolations"],"location":{"line":380,"column":14}},{"ancestorTitles":["","CampaignCard Accessibility Tests","Screen Reader Experience"],"fullName":" CampaignCard Accessibility Tests Screen Reader Experience should provide comprehensive information to screen readers","status":"failed","title":"should provide comprehensive information to screen readers","duration":1207,"failureMessages":["Invalid Chai property: toHaveNoViolations"],"location":{"line":396,"column":14}},{"ancestorTitles":["","CampaignCard Accessibility Tests","Screen Reader Experience"],"fullName":" CampaignCard Accessibility Tests Screen Reader Experience should announce dynamic content changes","status":"failed","title":"should announce dynamic content changes","duration":807,"failureMessages":["Invalid Chai property: toHaveNoViolations"],"location":{"line":404,"column":14}},{"ancestorTitles":["","CampaignCard Accessibility Tests","Screen Reader Experience"],"fullName":" CampaignCard Accessibility Tests Screen Reader Experience should provide context for numeric information","status":"failed","title":"should provide context for numeric information","duration":1396,"failureMessages":["Invalid Chai property: toHaveNoViolations"],"location":{"line":424,"column":14}},{"ancestorTitles":["","CampaignCard Accessibility Tests","Color and Contrast Independence"],"fullName":" CampaignCard Accessibility Tests Color and Contrast Independence should convey information without relying solely on color","status":"failed","title":"should convey information without relying solely on color","duration":1160,"failureMessages":["Invalid Chai property: toHaveNoViolations"],"location":{"line":435,"column":14}},{"ancestorTitles":["","CampaignCard Accessibility Tests","Color and Contrast Independence"],"fullName":" CampaignCard Accessibility Tests Color and Contrast Independence should have sufficient color contrast for all text elements","status":"passed","title":"should have sufficient color contrast for all text elements","duration":1530,"failureMessages":[]},{"ancestorTitles":["","CampaignCard Accessibility Tests","Performance and Accessibility"],"fullName":" CampaignCard Accessibility Tests Performance and Accessibility should maintain accessibility with multiple campaign cards","status":"failed","title":"should maintain accessibility with multiple campaign cards","duration":8945,"failureMessages":["Invalid Chai property: toHaveNoViolations"],"location":{"line":467,"column":14}},{"ancestorTitles":["","CampaignCard Accessibility Tests","Performance and Accessibility"],"fullName":" CampaignCard Accessibility Tests Performance and Accessibility should not have accessibility violations with loading states","status":"failed","title":"should not have accessibility violations with loading states","duration":992,"failureMessages":["Invalid Chai property: toHaveNoViolations"],"location":{"line":482,"column":14}}],"startTime":1754149247560,"endTime":1754149291204,"status":"failed","message":"","name":"/Users/dina/squdy-win-spark/src/components/CampaignCard.a11y.test.tsx"},{"assertionResults":[{"ancestorTitles":["","CampaignCard Component","Basic Rendering"],"fullName":" CampaignCard Component Basic Rendering renders campaign information correctly","status":"passed","title":"renders campaign information correctly","duration":441,"failureMessages":[]},{"ancestorTitles":["","CampaignCard Component","Basic Rendering"],"fullName":" CampaignCard Component Basic Rendering displays campaign image with proper alt text","status":"failed","title":"displays campaign image with proper alt text","duration":695,"failureMessages":["\u001b[2mexpect(\u001b[22m\u001b[31melement\u001b[39m\u001b[2m).toHaveAttribute(\u001b[22m\u001b[32m\u001b[32m\"src\"\u001b[32m\u001b[39m\u001b[2m, \u001b[22m\u001b[32m\u001b[32m\"https://images.unsplash.com/photo-1640340434851-6084b1f4901c?w=800&h=400&fit=crop\"\u001b[32m\u001b[39m\u001b[2m) // element.getAttribute(\"src\") === \"https://images.unsplash.com/photo-1640340434851-6084b1f4901c?w=800&h=400&fit=crop\"\u001b[22m\n\nExpected the element to have attribute:\n\u001b[32m  src=\"https://images.unsplash.com/photo-1640340434851-6084b1f4901c?w=800&h=400&fit=crop\"\u001b[39m\nReceived:\n\u001b[31m  null\u001b[39m"],"location":{"line":36,"column":21}},{"ancestorTitles":["","CampaignCard Component","Basic Rendering"],"fullName":" CampaignCard Component Basic Rendering shows campaign status badge","status":"failed","title":"shows campaign status badge","duration":165,"failureMessages":["Unable to find an element with the text: Active. This could be because the text is broken up by multiple elements. In this case, you can provide a function for your text matcher to make your matcher more flexible.\n\nIgnored nodes: comments, script, style\n\u001b[36m<body>\u001b[39m\n  \u001b[36m<div>\u001b[39m\n    \u001b[36m<div\u001b[39m\n      \u001b[33mclass\u001b[39m=\u001b[32m\"rounded-lg border text-card-foreground shadow-sm bg-gradient-card border-primary/20 hover:border-primary/40 transition-all duration-300 hover:shadow-neon group\"\u001b[39m\n    \u001b[36m>\u001b[39m\n      \u001b[36m<div\u001b[39m\n        \u001b[33mclass\u001b[39m=\u001b[32m\"flex flex-col space-y-1.5 p-6 pb-4\"\u001b[39m\n      \u001b[36m>\u001b[39m\n        \u001b[36m<div\u001b[39m\n          \u001b[33mclass\u001b[39m=\u001b[32m\"aspect-video bg-secondary/30 rounded-lg mb-4 overflow-hidden relative\"\u001b[39m\n        \u001b[36m>\u001b[39m\n          \u001b[36m<img\u001b[39m\n            \u001b[33malt\u001b[39m=\u001b[32m\"Test Campaign 1\"\u001b[39m\n            \u001b[33mclass\u001b[39m=\u001b[32m\"w-full h-full object-cover group-hover:scale-105 transition-transform duration-300\"\u001b[39m\n          \u001b[36m/>\u001b[39m\n          \u001b[36m<div\u001b[39m\n            \u001b[33mclass\u001b[39m=\u001b[32m\"inline-flex items-center rounded-full border px-2.5 py-0.5 text-xs font-semibold transition-colors focus:outline-none focus:ring-2 focus:ring-ring focus:ring-offset-2 border-transparent bg-destructive text-destructive-foreground hover:bg-destructive/80 absolute top-2 right-2 capitalize\"\u001b[39m\n          \u001b[36m>\u001b[39m\n            \u001b[0mpaused\u001b[0m\n          \u001b[36m</div>\u001b[39m\n        \u001b[36m</div>\u001b[39m\n        \u001b[36m<h3\u001b[39m\n          \u001b[33mclass\u001b[39m=\u001b[32m\"tracking-tight text-xl font-bold text-foreground group-hover:text-primary transition-colors\"\u001b[39m\n        \u001b[36m>\u001b[39m\n          \u001b[0mTest Campaign 1\u001b[0m\n        \u001b[36m</h3>\u001b[39m\n        \u001b[36m<p\u001b[39m\n          \u001b[33mclass\u001b[39m=\u001b[32m\"text-muted-foreground text-sm line-clamp-2\"\u001b[39m\n        \u001b[36m>\u001b[39m\n          \u001b[0mThis is a test campaign 1 for the Squdy Burn-to-Win platform. Stake your SQUDY tokens and complete social media tasks to earn lottery tickets!\u001b[0m\n        \u001b[36m</p>\u001b[39m\n      \u001b[36m</div>\u001b[39m\n      \u001b[36m<div\u001b[39m\n        \u001b[33mclass\u001b[39m=\u001b[32m\"p-6 pt-0 space-y-4\"\u001b[39m\n      \u001b[36m>\u001b[39m\n        \u001b[36m<div\u001b[39m\n          \u001b[33mclass\u001b[39m=\u001b[32m\"space-y-2\"\u001b[39m\n        \u001b[36m>\u001b[39m\n          \u001b[36m<div\u001b[39m\n            \u001b[33mclass\u001b[39m=\u001b[32m\"flex justify-between text-sm\"\u001b[39m\n          \u001b[36m>\u001b[39m\n            \u001b[36m<span\u001b[39m\n              \u001b[33mclass\u001b[39m=\u001b[32m\"text-muted-foreground\"\u001b[39m\n            \u001b[36m>\u001b[39m\n              \u001b[0mProgress\u001b[0m\n            \u001b[36m</span>\u001b[39m\n            \u001b[36m<span\u001b[39m\n              \u001b[33mclass\u001b[39m=\u001b[32m\"text-foreground font-medium\"\u001b[39m\n            \u001b[36m>\u001b[39m\n              \u001b[0m5,000\u001b[0m\n              \u001b[0m / \u001b[0m\n              \u001b[0m10,000\u001b[0m\n              \u001b[0m SQUDY\u001b[0m\n            \u001b[36m</span>\u001b[39m\n          \u001b[36m</div>\u001b[39m\n          \u001b[36m<div\u001b[39m\n            \u001b[33maria-valuemax\u001b[39m=\u001b[32m\"100\"\u001b[39m\n            \u001b[33maria-valuemin\u001b[39m=\u001b[32m\"0\"\u001b[39m\n            \u001b[33mclass\u001b[39m=\u001b[32m\"relative w-full overflow-hidden rounded-full bg-secondary h-2\"\u001b[39m\n            \u001b[33mdata-max\u001b[39m=\u001b[32m\"100\"\u001b[39m\n            \u001b[33mdata-state\u001b[39m=\u001b[32m\"indeterminate\"\u001b[39m\n            \u001b[33mrole\u001b[39m=\u001b[32m\"progressbar\"\u001b[39m\n          \u001b[36m>\u001b[39m\n            \u001b[36m<div\u001b[39m\n              \u001b[33mclass\u001b[39m=\u001b[32m\"h-full w-full flex-1 bg-primary transition-all\"\u001b[39m\n              \u001b[33mdata-max\u001b[39m=\u001b[32m\"100\"\u001b[39m\n              \u001b[33mdata-state\u001b[39m=\u001b[32m\"indeterminate\"\u001b[39m\n              \u001b[33mstyle\u001b[39m=\u001b[32m\"transform: translateX(-50%);\"\u001b[39m\n            \u001b[36m/>\u001b[39m\n          \u001b[36m</div>\u001b[39m\n          \u001b[36m<div\u001b[39m\n            \u001b[33mclass\u001b[39m=\u001b[32m\"text-xs text-muted-foreground text-center\"\u001b[39m\n          \u001b[36m>\u001b[39m\n            \u001b[0m50.0\u001b[0m\n            \u001b[0m% of goal reached\u001b[0m\n          \u001b[36m</div>\u001b[39m\n        \u001b[36m</div>\u001b[39m\n        \u001b[36m<div\u001b[39m\n          \u001b[33mclass\u001b[39m=\u001b[32m\"grid grid-cols-2 gap-4 text-sm\"\u001b[39m\n        \u001b[36m>\u001b[39m\n          \u001b[36m<div\u001b[39m\n            \u001b[33mclass\u001b[39m=\u001b[32m\"flex items-center gap-2\"\u001b[39m\n          \u001b[36m>\u001b[39m\n            \u001b[36m<svg\u001b[39m\n              \u001b[33mclass\u001b[39m=\u001b[32m\"lucide lucide-target w-4 h-4 text-primary\"\u001b[39m\n              \u001b[33mfill\u001b[39m=\u001b[32m\"none\"\u001b[39m\n              \u001b[33mheight\u001b[39m=\u001b[32m\"24\"\u001b[39m\n              \u001b[33mstroke\u001b[39m=\u001b[32m\"currentColor\"\u001b[39m\n              \u001b[33mstroke-linecap\u001b[39m=\u001b[32m\"round\"\u001b[39m\n              \u001b[33mstroke-linejoin\u001b[39m=\u001b[32m\"round\"\u001b[39m\n              \u001b[33mstroke-width\u001b[39m=\u001b[32m\"2\"\u001b[39m\n              \u001b[33mviewBox\u001b[39m=\u001b[32m\"0 0 24 24\"\u001b[39m\n              \u001b[33mwidth\u001b[39m=\u001b[32m\"24\"\u001b[39m\n              \u001b[33mxmlns\u001b[39m=\u001b[32m\"http://www.w3.org/2000/svg\"\u001b[39m\n            \u001b[36m>\u001b[39m\n              \u001b[36m<circle\u001b[39m\n                \u001b[33mcx\u001b[39m=\u001b[32m\"12\"\u001b[39m\n                \u001b[33mcy\u001b[39m=\u001b[32m\"12\"\u001b[39m\n                \u001b[33mr\u001b[39m=\u001b[32m\"10\"\u001b[39m\n              \u001b[36m/>\u001b[39m\n              \u001b[36m<circle\u001b[39m\n                \u001b[33mcx\u001b[39m=\u001b[32m\"12\"\u001b[39m\n                \u001b[33mcy\u001b[39m=\u001b[32m\"12\"\u001b[39m\n                \u001b[33mr\u001b[39m=\u001b[32m\"6\"\u001b[39m\n              \u001b[36m/>\u001b[39m\n              \u001b[36m<circle\u001b[39m\n                \u001b[33mcx\u001b[39m=\u001b[32m\"12\"\u001b[39m\n                \u001b[33mcy\u001b[39m=\u001b[32m\"12\"\u001b[39m\n                \u001b[33mr\u001b[39m=\u001b[32m\"2\"\u001b[39m\n              \u001b[36m/>\u001b[39m\n            \u001b[36m</svg>\u001b[39m\n            \u001b[36m<div>\u001b[39m\n              \u001b[36m<p\u001b[39m\n                \u001b[33mclass\u001b[39m=\u001b[32m\"text-muted-foreground\"\u001b[39m\n              \u001b[36m>\u001b[39m\n                \u001b[0mTicket Price\u001b[0m\n              \u001b[36m</p>\u001b[39m\n              \u001b[36m<p\u001b[39m\n                \u001b[33mclass\u001b[39m=\u001b[32m\"font-medium\"\u001b[39m\n              \u001b[36m>\u001b[39m\n                \u001b[0m100\u001b[0m\n                \u001b[0m SQUDY\u001b[0m\n              \u001b[36m</p>\u001b[39m\n            \u001b[36m</div>\u001b[39m\n          \u001b[36m</div>\u001b[39m\n          \u001b[36m<div\u001b[39m\n            \u001b[33mclass\u001b[39m=\u001b[32m\"flex items-center gap-2\"\u001b[39m\n          \u001b[36m>\u001b[39m\n            \u001b[36m<svg\u001b[39m\n              \u001b[33mclass\u001b[39m=\u001b[32m\"lucide lucide-users w-4 h-4 text-primary\"\u001b[39m\n              \u001b[33mfill\u001b[39m=\u001b[32m\"none\"\u001b[39m\n              \u001b[33mheight\u001b[39m=\u001b[32m\"24\"\u001b[39m\n              \u001b[33mstroke\u001b[39m=\u001b[32m\"currentColor\"\u001b[39m\n              \u001b[33mstroke-linecap\u001b[39m=\u001b[32m\"round\"\u001b[39m\n              \u001b[33mstroke-linejoin\u001b[39m=\u001b[32m\"round\"\u001b[39m\n              \u001b[33mstroke-width\u001b[39m=\u001b[32m\"2\"\u001b[39m\n              \u001b[33mviewBox\u001b[39m=\u001b[32m\"0 0 24 24\"\u001b[39m\n              \u001b[33mwidth\u001b[39m=\u001b[32m\"24\"\u001b[39m\n              \u001b[33mxmlns\u001b[39m=\u001b[32m\"http://www.w3.org/2000/svg\"\u001b[39m\n            \u001b[36m>\u001b[39m\n              \u001b[36m<path\u001b[39m\n                \u001b[33md\u001b[39m=\u001b[32m\"M16 21v-2a4 4 0 0 0-4-4H6a4 4 0 0 0-4 4v2\"\u001b[39m\n              \u001b[36m/>\u001b[39m\n              \u001b[36m<circle\u001b[39m\n                \u001b[33mcx\u001b[39m=\u001b[32m\"9\"\u001b[39m\n                \u001b[33mcy\u001b[39m=\u001b[32m\"7\"\u001b[39m\n                \u001b[33mr\u001b[39m=\u001b[32m\"4\"\u001b[39m\n              \u001b[36m/>\u001b[39m\n              \u001b[36m<path\u001b[39m\n                \u001b[33md\u001b[39m=\u001b[32m\"M22 21v-2a4 4 0 0 0-3-3.87\"\u001b[39m\n              \u001b[36m/>\u001b[39m\n              \u001b[36m<path\u001b[39m\n                \u001b[33md\u001b[39m=\u001b[32m\"M16 3.13a4 4 0 0 1 0 7.75\"\u001b[39m\n              \u001b[36m/>\u001b[39m\n            \u001b[36m</svg>\u001b[39m\n            \u001b[36m<div>\u001b[39m\n              \u001b[36m<p\u001b[39m\n                \u001b[33mclass\u001b[39m=\u001b[32m\"text-muted-foreground\"\u001b[39m\n              \u001b[36m>\u001b[39m\n                \u001b[0mParticipants\u001b[0m\n              \u001b[36m</p>\u001b[39m\n              \u001b[36m<p\u001b[39m\n                \u001b[33mclass\u001b[39m=\u001b[32m\"font-medium\"\u001b[39m\n              \u001b[36m/>\u001b[39m\n            \u001b[36m</div>\u001b[39m\n          \u001b[36m</div>\u001b[39m\n        \u001b[36m</div>\u001b[39m\n        \u001b[36m<div\u001b[39m\n          \u001b[33mclass\u001b[39m=\u001b[32m\"space-y-2\"\u001b[39m\n        \u001b[36m>\u001b[39m\n          \u001b[36m<div\u001b[39m\n            \u001b[33mclass\u001b[39m=\u001b[32m\"flex items-center gap-2\"\u001b[39m\n          \u001b[36m>\u001b[39m\n            \u001b[36m<svg\u001b[39m\n              \u001b[33mclass\u001b[39m=\u001b[32m\"lucide lucide-trophy w-4 h-4 text-primary\"\u001b[39m\n              \u001b[33mfill\u001b[39m=\u001b[32m\"none\"\u001b[39m\n              \u001b[33mheight\u001b[39m=\u001b[32m\"24\"\u001b[39m\n              \u001b[33mstroke\u001b[39m=\u001b[32m\"currentColor\"\u001b[39m\n              \u001b[33mstroke-linecap\u001b[39m=\u001b[32m\"round\"\u001b[39m\n              \u001b[33mstroke-linejoin\u001b[39m=\u001b[32m\"round\"\u001b[39m\n              \u001b[33mstroke-width\u001b[39m=\u001b[32m\"2\"\u001b[39m\n              \u001b[33mviewBox\u001b[39m=\u001b[32m\"0 0 24 24\"\u001b[39m\n              \u001b[33mwidth\u001b[39m=\u001b[32m\"24\"\u001b[39m\n              \u001b[33mxmlns\u001b[39m=\u001b[32m\"http://www.w3.org/2000/svg\"\u001b[39m\n            \u001b[36m>\u001b[39m\n              \u001b[36m<path\u001b[39m\n                \u001b[33md\u001b[39m=\u001b[32m\"M6 9H4.5a2.5 2.5 0 0 1 0-5H6\"\u001b[39m\n              \u001b[36m/>\u001b[39m\n              \u001b[36m<path\u001b[39m\n                \u001b[33md\u001b[39m=\u001b[32m\"M18 9h1.5a2.5 2.5 0 0 0 0-5H18\"\u001b[39m\n              \u001b[36m/>\u001b[39m\n              \u001b[36m<path\u001b[39m\n                \u001b[33md\u001b[39m=\u001b[32m\"M4 22h16\"\u001b[39m\n              \u001b[36m/>\u001b[39m\n              \u001b[36m<path\u001b[39m\n                \u001b[33md\u001b[39m=\u001b[32m\"M10 14.66V17c0 .55-.47.98-.97 1.21C7.85 18.75 7 20.24 7 22\"\u001b[39m\n              \u001b[36m/>\u001b[39m\n              \u001b[36m<path\u001b[39m\n                \u001b[33md\u001b[39m=\u001b[32m\"M14 14.66V17c0 .55.47.98.97 1.21C16.15 18.75 17 20.24 17 22\"\u001b[39m\n              \u001b[36m/>\u001b[39m\n              \u001b[36m<path\u001b[39m\n                \u001b[33md\u001b[39m=\u001b[32m\"M18 2H6v7a6 6 0 0 0 12 0V2Z\"\u001b[39m\n              \u001b[36m/>\u001b[39m\n            \u001b[36m</svg>\u001b[39m\n            \u001b[36m<p\u001b[39m\n              \u001b[33mclass\u001b[39m=\u001b[32m\"text-sm font-medium text-foreground\"\u001b[39m\n            \u001b[36m>\u001b[39m\n              \u001b[0mPrize Pool\u001b[0m\n            \u001b[36m</p>\u001b[39m\n          \u001b[36m</div>\u001b[39m\n          \u001b[36m<div\u001b[39m\n            \u001b[33mclass\u001b[39m=\u001b[32m\"flex flex-wrap gap-1\"\u001b[39m\n          \u001b[36m>\u001b[39m\n            \u001b[36m<div\u001b[39m\n              \u001b[33mclass\u001b[39m=\u001b[32m\"inline-flex items-center rounded-full border px-2.5 py-0.5 font-semibold transition-colors focus:outline-none focus:ring-2 focus:ring-ring focus:ring-offset-2 text-foreground text-xs\"\u001b[39m\n            \u001b[36m>\u001b[39m\n              \u001b[0m1,000\u001b[0m\n              \u001b[0m \u001b[0m\n              \u001b[0mUSD\u001b[0m\n            \u001b[36m</div>\u001b[39m\n            \u001b[36m<div\u001b[39m\n              \u001b[33mclass\u001b[39m=\u001b[32m\"inline-flex items-center rounded-full border px-2.5 py-0.5 font-semibold transition-colors focus:outline-none focus:ring-2 focus:ring-ring focus:ring-offset-2 text-foreground text-xs\"\u001b[39m\n            \u001b[36m>\u001b[39m\n              \u001b[0m2,000\u001b[0m\n              \u001b[0m \u001b[0m\n              \u001b[0mSQUDY\u001b[0m\n            \u001b[36m</div>\u001b[39m\n            \u001b[36m<div\u001b[39m\n              \u001b[33mclass\u001b[39m=\u001b[32m\"inline-flex items-center rounded-full border px-2.5 py-0.5 font-semibold transition-colors focus:outline-none focus:ring-2 focus:ring-ring focus:ring-offset-2 text-foreground text-xs\"\u001b[39m\n            \u001b[36m>\u001b[39m\n              \u001b[0m+\u001b[0m\n              \u001b[0m1\u001b[0m\n              \u001b[0m more\u001b[0m\n            \u001b[36m</div>\u001b[39m\n          \u001b[36m</div>\u001b[39m\n        \u001b[36m</div>\u001b[39m\n        \u001b[36m<div\u001b[39m\n          \u001b[33mclass\u001b[39m=\u001b[32m\"flex items-center justify-between text-sm\"\u001b[39m\n        \u001b[36m>\u001b[39m\n          \u001b[36m<div\u001b[39m\n            \u001b[33mclass\u001b[39m=\u001b[32m\"flex items-center gap-2\"\u001b[39m\n          \u001b[36m>\u001b[39m\n            \u001b[36m<svg\u001b[39m\n              \u001b[33mclass\u001b[39m=\u001b[32m\"lucide lucide-calendar w-4 h-4 text-primary\"\u001b[39m\n              \u001b[33mfill\u001b[39m=\u001b[32m\"none\"\u001b[39m\n              \u001b[33mheight\u001b[39m=\u001b[32m\"24\"\u001b[39m\n              \u001b[33mstroke\u001b[39m=\u001b[32m\"currentColor\"\u001b[39m\n              \u001b[33mstroke-linecap\u001b[39m=\u001b[32m\"round\"\u001b[39m\n              \u001b[33mstroke-linejoin\u001b[39m=\u001b[32m\"round\"\u001b[39m\n              \u001b[33mstroke-width\u001b[39m=\u001b[32m\"2\"\u001b[39m\n              \u001b[33mviewBox\u001b[39m=\u001b[32m\"0 0 24 24\"\u001b[39m\n              \u001b[33mwidth\u001b[39m=\u001b[32m\"24\"\u001b[39m\n              \u001b[33mxmlns\u001b[39m=\u001b[32m\"http://www.w3.org/2000/svg\"\u001b[39m\n            \u001b[36m>\u001b[39m\n              \u001b[36m<path\u001b[39m\n                \u001b[33md\u001b[39m=\u001b[32m\"M8 2v4\"\u001b[39m\n              \u001b[36m/>\u001b[39m\n              \u001b[36m<path\u001b[39m\n                \u001b[33md\u001b[39m=\u001b[32m\"M16 2v4\"\u001b[39m\n              \u001b[36m/>\u001b[39m\n              \u001b[36m<rect\u001b[39m\n                \u001b[33mheight\u001b[39m=\u001b[32m\"18\"\u001b[39m\n                \u001b[33mrx\u001b[39m=\u001b[32m\"2\"\u001b[39m\n                \u001b[33mwidth\u001b[39m=\u001b[32m\"18\"\u001b[39m\n                \u001b[33mx\u001b[39m=\u001b[32m\"3\"\u001b[39m\n                \u001b[33my\u001b[39m=\u001b[32m\"4\"\u001b[39m\n              \u001b[36m/>\u001b[39m\n              \u001b[36m<path\u001b[39m\n                \u001b[33md\u001b[39m=\u001b[32m\"M3 10h18\"\u001b[39m\n              \u001b[36m/>\u001b[39m\n            \u001b[36m</svg>\u001b[39m\n            \u001b[36m<span\u001b[39m\n              \u001b[33mclass\u001b[39m=\u001b[32m\"text-muted-foreground\"\u001b[39m\n            \u001b[36m>\u001b[39m\n              \u001b[0mEnded \u001b[0m\n              \u001b[0m8/8/2025\u001b[0m\n            \u001b[36m</span>\u001b[39m\n          \u001b[36m</div>\u001b[39m\n          \u001b[36m<button\u001b[39m\n            \u001b[33mclass\u001b[39m=\u001b[32m\"inline-flex items-center justify-center gap-2 whitespace-nowrap text-sm font-medium ring-offset-background transition-all duration-300 focus-visible:outline-none focus-visible:ring-2 focus-visible:ring-ring focus-visible:ring-offset-2 disabled:pointer-events-none disabled:opacity-50 [&_svg]:pointer-events-none [&_svg]:size-4 [&_svg]:shrink-0 hover:bg-accent hover:text-accent-foreground rounded-md h-6 w-6 p-0\"\u001b[39m\n          \u001b[36m>\u001b[39m\n            \u001b[36m<svg\u001b[39m\n              \u001b[33mclass\u001b[39m=\u001b[32m\"lucide lucide-external-link w-3 h-3\"\u001b[39m\n              \u001b[33mfill\u001b[39m=\u001b[32m\"none\"\u001b[39m\n              \u001b[33mheight\u001b[39m=\u001b[32m\"24\"\u001b[39m\n              \u001b[33mstroke\u001b[39m=\u001b[32m\"currentColor\"\u001b[39m\n              \u001b[33mstroke-linecap\u001b[39m=\u001b[32m\"round\"\u001b[39m\n              \u001b[33mstroke-linejoin\u001b[39m=\u001b[32m\"round\"\u001b[39m\n              \u001b[33mstroke-width\u001b[39m=\u001b[32m\"2\"\u001b[39m\n              \u001b[33mviewBox\u001b[39m=\u001b[32m\"0 0 24 24\"\u001b[39m\n              \u001b[33mwidth\u001b[39m=\u001b[32m\"24\"\u001b[39m\n              \u001b[33mxmlns\u001b[39m=\u001b[32m\"http://www.w3.org/2000/svg\"\u001b[39m\n            \u001b[36m>\u001b[39m\n              \u001b[36m<path\u001b[39m\n                \u001b[33md\u001b[39m=\u001b[32m\"M15 3h6v6\"\u001b[39m\n              \u001b[36m/>\u001b[39m\n              \u001b[36m<path\u001b[39m\n                \u001b[33md\u001b[39m=\u001b[32m\"M10 14 21 3\"\u001b[39m\n              \u001b[36m/>\u001b[39m\n              \u001b[36m<path\u001b[39m\n                \u001b[33md\u001b[39m=\u001b[32m\"M18 13v6a2 2 0 0 1-2 2H5a2 2 0 0 1-2-2V8a2 2 0 0 1 2-2h6\"\u001b[39m\n              \u001b[36m/>\u001b[39m\n            \u001b[36m</svg>\u001b[39m\n          \u001b[36m</button>\u001b[39m\n        \u001b[36m</div>\u001b[39m\n        \u001b[36m<a\u001b[39m\n          \u001b[33mclass\u001b[39m=\u001b[32m\"block\"\u001b[39m\n          \u001b[33mhref\u001b[39m=\u001b[32m\"/campaigns/undefined\"\u001b[39m\n        \u001b[36m>\u001b[39m\n          \u001b[36m<button\u001b[39m\n            \u001b[33mclass\u001b[39m=\u001b[32m\"inline-flex items-center justify-center gap-2 whitespace-nowrap rounded-md text-sm font-medium ring-offset-background transition-all duration-300 focus-visible:outline-none focus-visible:ring-2 focus-visible:ring-ring focus-visible:ring-offset-2 disabled:pointer-events-none disabled:opacity-50 [&_svg]:pointer-events-none [&_svg]:size-4 [&_svg]:shrink-0 border border-primary/20 bg-background/10 backdrop-blur-sm text-foreground hover:bg-primary/10 hover:border-primary/40 h-10 px-4 py-2 w-full\"\u001b[39m\n            \u001b[33mdisabled\u001b[39m=\u001b[32m\"\"\u001b[39m\n          \u001b[36m>\u001b[39m\n            \u001b[0mComing Soon\u001b[0m\n          \u001b[36m</button>\u001b[39m\n        \u001b[36m</a>\u001b[39m\n      \u001b[36m</div>\u001b[39m\n    \u001b[36m</div>\u001b[39m\n  \u001b[36m</div>\u001b[39m\n\u001b[36m</body>\u001b[39m"],"location":{"line":37,"column":19}},{"ancestorTitles":["","CampaignCard Component","Basic Rendering"],"fullName":" CampaignCard Component Basic Rendering displays prize information when prizes exist","status":"failed","title":"displays prize information when prizes exist","duration":221,"failureMessages":["Unable to find an element with the text: Prize 1. This could be because the text is broken up by multiple elements. In this case, you can provide a function for your text matcher to make your matcher more flexible.\n\nIgnored nodes: comments, script, style\n\u001b[36m<body>\u001b[39m\n  \u001b[36m<div>\u001b[39m\n    \u001b[36m<div\u001b[39m\n      \u001b[33mclass\u001b[39m=\u001b[32m\"rounded-lg border text-card-foreground shadow-sm bg-gradient-card border-primary/20 hover:border-primary/40 transition-all duration-300 hover:shadow-neon group\"\u001b[39m\n    \u001b[36m>\u001b[39m\n      \u001b[36m<div\u001b[39m\n        \u001b[33mclass\u001b[39m=\u001b[32m\"flex flex-col space-y-1.5 p-6 pb-4\"\u001b[39m\n      \u001b[36m>\u001b[39m\n        \u001b[36m<div\u001b[39m\n          \u001b[33mclass\u001b[39m=\u001b[32m\"aspect-video bg-secondary/30 rounded-lg mb-4 overflow-hidden relative\"\u001b[39m\n        \u001b[36m>\u001b[39m\n          \u001b[36m<img\u001b[39m\n            \u001b[33malt\u001b[39m=\u001b[32m\"Test Campaign 1\"\u001b[39m\n            \u001b[33mclass\u001b[39m=\u001b[32m\"w-full h-full object-cover group-hover:scale-105 transition-transform duration-300\"\u001b[39m\n          \u001b[36m/>\u001b[39m\n          \u001b[36m<div\u001b[39m\n            \u001b[33mclass\u001b[39m=\u001b[32m\"inline-flex items-center rounded-full border px-2.5 py-0.5 text-xs font-semibold transition-colors focus:outline-none focus:ring-2 focus:ring-ring focus:ring-offset-2 border-transparent bg-destructive text-destructive-foreground hover:bg-destructive/80 absolute top-2 right-2 capitalize\"\u001b[39m\n          \u001b[36m>\u001b[39m\n            \u001b[0mpaused\u001b[0m\n          \u001b[36m</div>\u001b[39m\n        \u001b[36m</div>\u001b[39m\n        \u001b[36m<h3\u001b[39m\n          \u001b[33mclass\u001b[39m=\u001b[32m\"tracking-tight text-xl font-bold text-foreground group-hover:text-primary transition-colors\"\u001b[39m\n        \u001b[36m>\u001b[39m\n          \u001b[0mTest Campaign 1\u001b[0m\n        \u001b[36m</h3>\u001b[39m\n        \u001b[36m<p\u001b[39m\n          \u001b[33mclass\u001b[39m=\u001b[32m\"text-muted-foreground text-sm line-clamp-2\"\u001b[39m\n        \u001b[36m>\u001b[39m\n          \u001b[0mThis is a test campaign 1 for the Squdy Burn-to-Win platform. Stake your SQUDY tokens and complete social media tasks to earn lottery tickets!\u001b[0m\n        \u001b[36m</p>\u001b[39m\n      \u001b[36m</div>\u001b[39m\n      \u001b[36m<div\u001b[39m\n        \u001b[33mclass\u001b[39m=\u001b[32m\"p-6 pt-0 space-y-4\"\u001b[39m\n      \u001b[36m>\u001b[39m\n        \u001b[36m<div\u001b[39m\n          \u001b[33mclass\u001b[39m=\u001b[32m\"space-y-2\"\u001b[39m\n        \u001b[36m>\u001b[39m\n          \u001b[36m<div\u001b[39m\n            \u001b[33mclass\u001b[39m=\u001b[32m\"flex justify-between text-sm\"\u001b[39m\n          \u001b[36m>\u001b[39m\n            \u001b[36m<span\u001b[39m\n              \u001b[33mclass\u001b[39m=\u001b[32m\"text-muted-foreground\"\u001b[39m\n            \u001b[36m>\u001b[39m\n              \u001b[0mProgress\u001b[0m\n            \u001b[36m</span>\u001b[39m\n            \u001b[36m<span\u001b[39m\n              \u001b[33mclass\u001b[39m=\u001b[32m\"text-foreground font-medium\"\u001b[39m\n            \u001b[36m>\u001b[39m\n              \u001b[0m5,000\u001b[0m\n              \u001b[0m / \u001b[0m\n              \u001b[0m10,000\u001b[0m\n              \u001b[0m SQUDY\u001b[0m\n            \u001b[36m</span>\u001b[39m\n          \u001b[36m</div>\u001b[39m\n          \u001b[36m<div\u001b[39m\n            \u001b[33maria-valuemax\u001b[39m=\u001b[32m\"100\"\u001b[39m\n            \u001b[33maria-valuemin\u001b[39m=\u001b[32m\"0\"\u001b[39m\n            \u001b[33mclass\u001b[39m=\u001b[32m\"relative w-full overflow-hidden rounded-full bg-secondary h-2\"\u001b[39m\n            \u001b[33mdata-max\u001b[39m=\u001b[32m\"100\"\u001b[39m\n            \u001b[33mdata-state\u001b[39m=\u001b[32m\"indeterminate\"\u001b[39m\n            \u001b[33mrole\u001b[39m=\u001b[32m\"progressbar\"\u001b[39m\n          \u001b[36m>\u001b[39m\n            \u001b[36m<div\u001b[39m\n              \u001b[33mclass\u001b[39m=\u001b[32m\"h-full w-full flex-1 bg-primary transition-all\"\u001b[39m\n              \u001b[33mdata-max\u001b[39m=\u001b[32m\"100\"\u001b[39m\n              \u001b[33mdata-state\u001b[39m=\u001b[32m\"indeterminate\"\u001b[39m\n              \u001b[33mstyle\u001b[39m=\u001b[32m\"transform: translateX(-50%);\"\u001b[39m\n            \u001b[36m/>\u001b[39m\n          \u001b[36m</div>\u001b[39m\n          \u001b[36m<div\u001b[39m\n            \u001b[33mclass\u001b[39m=\u001b[32m\"text-xs text-muted-foreground text-center\"\u001b[39m\n          \u001b[36m>\u001b[39m\n            \u001b[0m50.0\u001b[0m\n            \u001b[0m% of goal reached\u001b[0m\n          \u001b[36m</div>\u001b[39m\n        \u001b[36m</div>\u001b[39m\n        \u001b[36m<div\u001b[39m\n          \u001b[33mclass\u001b[39m=\u001b[32m\"grid grid-cols-2 gap-4 text-sm\"\u001b[39m\n        \u001b[36m>\u001b[39m\n          \u001b[36m<div\u001b[39m\n            \u001b[33mclass\u001b[39m=\u001b[32m\"flex items-center gap-2\"\u001b[39m\n          \u001b[36m>\u001b[39m\n            \u001b[36m<svg\u001b[39m\n              \u001b[33mclass\u001b[39m=\u001b[32m\"lucide lucide-target w-4 h-4 text-primary\"\u001b[39m\n              \u001b[33mfill\u001b[39m=\u001b[32m\"none\"\u001b[39m\n              \u001b[33mheight\u001b[39m=\u001b[32m\"24\"\u001b[39m\n              \u001b[33mstroke\u001b[39m=\u001b[32m\"currentColor\"\u001b[39m\n              \u001b[33mstroke-linecap\u001b[39m=\u001b[32m\"round\"\u001b[39m\n              \u001b[33mstroke-linejoin\u001b[39m=\u001b[32m\"round\"\u001b[39m\n              \u001b[33mstroke-width\u001b[39m=\u001b[32m\"2\"\u001b[39m\n              \u001b[33mviewBox\u001b[39m=\u001b[32m\"0 0 24 24\"\u001b[39m\n              \u001b[33mwidth\u001b[39m=\u001b[32m\"24\"\u001b[39m\n              \u001b[33mxmlns\u001b[39m=\u001b[32m\"http://www.w3.org/2000/svg\"\u001b[39m\n            \u001b[36m>\u001b[39m\n              \u001b[36m<circle\u001b[39m\n                \u001b[33mcx\u001b[39m=\u001b[32m\"12\"\u001b[39m\n                \u001b[33mcy\u001b[39m=\u001b[32m\"12\"\u001b[39m\n                \u001b[33mr\u001b[39m=\u001b[32m\"10\"\u001b[39m\n              \u001b[36m/>\u001b[39m\n              \u001b[36m<circle\u001b[39m\n                \u001b[33mcx\u001b[39m=\u001b[32m\"12\"\u001b[39m\n                \u001b[33mcy\u001b[39m=\u001b[32m\"12\"\u001b[39m\n                \u001b[33mr\u001b[39m=\u001b[32m\"6\"\u001b[39m\n              \u001b[36m/>\u001b[39m\n              \u001b[36m<circle\u001b[39m\n                \u001b[33mcx\u001b[39m=\u001b[32m\"12\"\u001b[39m\n                \u001b[33mcy\u001b[39m=\u001b[32m\"12\"\u001b[39m\n                \u001b[33mr\u001b[39m=\u001b[32m\"2\"\u001b[39m\n              \u001b[36m/>\u001b[39m\n            \u001b[36m</svg>\u001b[39m\n            \u001b[36m<div>\u001b[39m\n              \u001b[36m<p\u001b[39m\n                \u001b[33mclass\u001b[39m=\u001b[32m\"text-muted-foreground\"\u001b[39m\n              \u001b[36m>\u001b[39m\n                \u001b[0mTicket Price\u001b[0m\n              \u001b[36m</p>\u001b[39m\n              \u001b[36m<p\u001b[39m\n                \u001b[33mclass\u001b[39m=\u001b[32m\"font-medium\"\u001b[39m\n              \u001b[36m>\u001b[39m\n                \u001b[0m100\u001b[0m\n                \u001b[0m SQUDY\u001b[0m\n              \u001b[36m</p>\u001b[39m\n            \u001b[36m</div>\u001b[39m\n          \u001b[36m</div>\u001b[39m\n          \u001b[36m<div\u001b[39m\n            \u001b[33mclass\u001b[39m=\u001b[32m\"flex items-center gap-2\"\u001b[39m\n          \u001b[36m>\u001b[39m\n            \u001b[36m<svg\u001b[39m\n              \u001b[33mclass\u001b[39m=\u001b[32m\"lucide lucide-users w-4 h-4 text-primary\"\u001b[39m\n              \u001b[33mfill\u001b[39m=\u001b[32m\"none\"\u001b[39m\n              \u001b[33mheight\u001b[39m=\u001b[32m\"24\"\u001b[39m\n              \u001b[33mstroke\u001b[39m=\u001b[32m\"currentColor\"\u001b[39m\n              \u001b[33mstroke-linecap\u001b[39m=\u001b[32m\"round\"\u001b[39m\n              \u001b[33mstroke-linejoin\u001b[39m=\u001b[32m\"round\"\u001b[39m\n              \u001b[33mstroke-width\u001b[39m=\u001b[32m\"2\"\u001b[39m\n              \u001b[33mviewBox\u001b[39m=\u001b[32m\"0 0 24 24\"\u001b[39m\n              \u001b[33mwidth\u001b[39m=\u001b[32m\"24\"\u001b[39m\n              \u001b[33mxmlns\u001b[39m=\u001b[32m\"http://www.w3.org/2000/svg\"\u001b[39m\n            \u001b[36m>\u001b[39m\n              \u001b[36m<path\u001b[39m\n                \u001b[33md\u001b[39m=\u001b[32m\"M16 21v-2a4 4 0 0 0-4-4H6a4 4 0 0 0-4 4v2\"\u001b[39m\n              \u001b[36m/>\u001b[39m\n              \u001b[36m<circle\u001b[39m\n                \u001b[33mcx\u001b[39m=\u001b[32m\"9\"\u001b[39m\n                \u001b[33mcy\u001b[39m=\u001b[32m\"7\"\u001b[39m\n                \u001b[33mr\u001b[39m=\u001b[32m\"4\"\u001b[39m\n              \u001b[36m/>\u001b[39m\n              \u001b[36m<path\u001b[39m\n                \u001b[33md\u001b[39m=\u001b[32m\"M22 21v-2a4 4 0 0 0-3-3.87\"\u001b[39m\n              \u001b[36m/>\u001b[39m\n              \u001b[36m<path\u001b[39m\n                \u001b[33md\u001b[39m=\u001b[32m\"M16 3.13a4 4 0 0 1 0 7.75\"\u001b[39m\n              \u001b[36m/>\u001b[39m\n            \u001b[36m</svg>\u001b[39m\n            \u001b[36m<div>\u001b[39m\n              \u001b[36m<p\u001b[39m\n                \u001b[33mclass\u001b[39m=\u001b[32m\"text-muted-foreground\"\u001b[39m\n              \u001b[36m>\u001b[39m\n                \u001b[0mParticipants\u001b[0m\n              \u001b[36m</p>\u001b[39m\n              \u001b[36m<p\u001b[39m\n                \u001b[33mclass\u001b[39m=\u001b[32m\"font-medium\"\u001b[39m\n              \u001b[36m/>\u001b[39m\n            \u001b[36m</div>\u001b[39m\n          \u001b[36m</div>\u001b[39m\n        \u001b[36m</div>\u001b[39m\n        \u001b[36m<div\u001b[39m\n          \u001b[33mclass\u001b[39m=\u001b[32m\"space-y-2\"\u001b[39m\n        \u001b[36m>\u001b[39m\n          \u001b[36m<div\u001b[39m\n            \u001b[33mclass\u001b[39m=\u001b[32m\"flex items-center gap-2\"\u001b[39m\n          \u001b[36m>\u001b[39m\n            \u001b[36m<svg\u001b[39m\n              \u001b[33mclass\u001b[39m=\u001b[32m\"lucide lucide-trophy w-4 h-4 text-primary\"\u001b[39m\n              \u001b[33mfill\u001b[39m=\u001b[32m\"none\"\u001b[39m\n              \u001b[33mheight\u001b[39m=\u001b[32m\"24\"\u001b[39m\n              \u001b[33mstroke\u001b[39m=\u001b[32m\"currentColor\"\u001b[39m\n              \u001b[33mstroke-linecap\u001b[39m=\u001b[32m\"round\"\u001b[39m\n              \u001b[33mstroke-linejoin\u001b[39m=\u001b[32m\"round\"\u001b[39m\n              \u001b[33mstroke-width\u001b[39m=\u001b[32m\"2\"\u001b[39m\n              \u001b[33mviewBox\u001b[39m=\u001b[32m\"0 0 24 24\"\u001b[39m\n              \u001b[33mwidth\u001b[39m=\u001b[32m\"24\"\u001b[39m\n              \u001b[33mxmlns\u001b[39m=\u001b[32m\"http://www.w3.org/2000/svg\"\u001b[39m\n            \u001b[36m>\u001b[39m\n              \u001b[36m<path\u001b[39m\n                \u001b[33md\u001b[39m=\u001b[32m\"M6 9H4.5a2.5 2.5 0 0 1 0-5H6\"\u001b[39m\n              \u001b[36m/>\u001b[39m\n              \u001b[36m<path\u001b[39m\n                \u001b[33md\u001b[39m=\u001b[32m\"M18 9h1.5a2.5 2.5 0 0 0 0-5H18\"\u001b[39m\n              \u001b[36m/>\u001b[39m\n              \u001b[36m<path\u001b[39m\n                \u001b[33md\u001b[39m=\u001b[32m\"M4 22h16\"\u001b[39m\n              \u001b[36m/>\u001b[39m\n              \u001b[36m<path\u001b[39m\n                \u001b[33md\u001b[39m=\u001b[32m\"M10 14.66V17c0 .55-.47.98-.97 1.21C7.85 18.75 7 20.24 7 22\"\u001b[39m\n              \u001b[36m/>\u001b[39m\n              \u001b[36m<path\u001b[39m\n                \u001b[33md\u001b[39m=\u001b[32m\"M14 14.66V17c0 .55.47.98.97 1.21C16.15 18.75 17 20.24 17 22\"\u001b[39m\n              \u001b[36m/>\u001b[39m\n              \u001b[36m<path\u001b[39m\n                \u001b[33md\u001b[39m=\u001b[32m\"M18 2H6v7a6 6 0 0 0 12 0V2Z\"\u001b[39m\n              \u001b[36m/>\u001b[39m\n            \u001b[36m</svg>\u001b[39m\n            \u001b[36m<p\u001b[39m\n              \u001b[33mclass\u001b[39m=\u001b[32m\"text-sm font-medium text-foreground\"\u001b[39m\n            \u001b[36m>\u001b[39m\n              \u001b[0mPrize Pool\u001b[0m\n            \u001b[36m</p>\u001b[39m\n          \u001b[36m</div>\u001b[39m\n          \u001b[36m<div\u001b[39m\n            \u001b[33mclass\u001b[39m=\u001b[32m\"flex flex-wrap gap-1\"\u001b[39m\n          \u001b[36m>\u001b[39m\n            \u001b[36m<div\u001b[39m\n              \u001b[33mclass\u001b[39m=\u001b[32m\"inline-flex items-center rounded-full border px-2.5 py-0.5 font-semibold transition-colors focus:outline-none focus:ring-2 focus:ring-ring focus:ring-offset-2 text-foreground text-xs\"\u001b[39m\n            \u001b[36m>\u001b[39m\n              \u001b[0m1,000\u001b[0m\n              \u001b[0m \u001b[0m\n              \u001b[0mUSD\u001b[0m\n            \u001b[36m</div>\u001b[39m\n            \u001b[36m<div\u001b[39m\n              \u001b[33mclass\u001b[39m=\u001b[32m\"inline-flex items-center rounded-full border px-2.5 py-0.5 font-semibold transition-colors focus:outline-none focus:ring-2 focus:ring-ring focus:ring-offset-2 text-foreground text-xs\"\u001b[39m\n            \u001b[36m>\u001b[39m\n              \u001b[0m2,000\u001b[0m\n              \u001b[0m \u001b[0m\n              \u001b[0mSQUDY\u001b[0m\n            \u001b[36m</div>\u001b[39m\n            \u001b[36m<div\u001b[39m\n              \u001b[33mclass\u001b[39m=\u001b[32m\"inline-flex items-center rounded-full border px-2.5 py-0.5 font-semibold transition-colors focus:outline-none focus:ring-2 focus:ring-ring focus:ring-offset-2 text-foreground text-xs\"\u001b[39m\n            \u001b[36m>\u001b[39m\n              \u001b[0m+\u001b[0m\n              \u001b[0m1\u001b[0m\n              \u001b[0m more\u001b[0m\n            \u001b[36m</div>\u001b[39m\n          \u001b[36m</div>\u001b[39m\n        \u001b[36m</div>\u001b[39m\n        \u001b[36m<div\u001b[39m\n          \u001b[33mclass\u001b[39m=\u001b[32m\"flex items-center justify-between text-sm\"\u001b[39m\n        \u001b[36m>\u001b[39m\n          \u001b[36m<div\u001b[39m\n            \u001b[33mclass\u001b[39m=\u001b[32m\"flex items-center gap-2\"\u001b[39m\n          \u001b[36m>\u001b[39m\n            \u001b[36m<svg\u001b[39m\n              \u001b[33mclass\u001b[39m=\u001b[32m\"lucide lucide-calendar w-4 h-4 text-primary\"\u001b[39m\n              \u001b[33mfill\u001b[39m=\u001b[32m\"none\"\u001b[39m\n              \u001b[33mheight\u001b[39m=\u001b[32m\"24\"\u001b[39m\n              \u001b[33mstroke\u001b[39m=\u001b[32m\"currentColor\"\u001b[39m\n              \u001b[33mstroke-linecap\u001b[39m=\u001b[32m\"round\"\u001b[39m\n              \u001b[33mstroke-linejoin\u001b[39m=\u001b[32m\"round\"\u001b[39m\n              \u001b[33mstroke-width\u001b[39m=\u001b[32m\"2\"\u001b[39m\n              \u001b[33mviewBox\u001b[39m=\u001b[32m\"0 0 24 24\"\u001b[39m\n              \u001b[33mwidth\u001b[39m=\u001b[32m\"24\"\u001b[39m\n              \u001b[33mxmlns\u001b[39m=\u001b[32m\"http://www.w3.org/2000/svg\"\u001b[39m\n            \u001b[36m>\u001b[39m\n              \u001b[36m<path\u001b[39m\n                \u001b[33md\u001b[39m=\u001b[32m\"M8 2v4\"\u001b[39m\n              \u001b[36m/>\u001b[39m\n              \u001b[36m<path\u001b[39m\n                \u001b[33md\u001b[39m=\u001b[32m\"M16 2v4\"\u001b[39m\n              \u001b[36m/>\u001b[39m\n              \u001b[36m<rect\u001b[39m\n                \u001b[33mheight\u001b[39m=\u001b[32m\"18\"\u001b[39m\n                \u001b[33mrx\u001b[39m=\u001b[32m\"2\"\u001b[39m\n                \u001b[33mwidth\u001b[39m=\u001b[32m\"18\"\u001b[39m\n                \u001b[33mx\u001b[39m=\u001b[32m\"3\"\u001b[39m\n                \u001b[33my\u001b[39m=\u001b[32m\"4\"\u001b[39m\n              \u001b[36m/>\u001b[39m\n              \u001b[36m<path\u001b[39m\n                \u001b[33md\u001b[39m=\u001b[32m\"M3 10h18\"\u001b[39m\n              \u001b[36m/>\u001b[39m\n            \u001b[36m</svg>\u001b[39m\n            \u001b[36m<span\u001b[39m\n              \u001b[33mclass\u001b[39m=\u001b[32m\"text-muted-foreground\"\u001b[39m\n            \u001b[36m>\u001b[39m\n              \u001b[0mEnded \u001b[0m\n              \u001b[0m8/8/2025\u001b[0m\n            \u001b[36m</span>\u001b[39m\n          \u001b[36m</div>\u001b[39m\n          \u001b[36m<button\u001b[39m\n            \u001b[33mclass\u001b[39m=\u001b[32m\"inline-flex items-center justify-center gap-2 whitespace-nowrap text-sm font-medium ring-offset-background transition-all duration-300 focus-visible:outline-none focus-visible:ring-2 focus-visible:ring-ring focus-visible:ring-offset-2 disabled:pointer-events-none disabled:opacity-50 [&_svg]:pointer-events-none [&_svg]:size-4 [&_svg]:shrink-0 hover:bg-accent hover:text-accent-foreground rounded-md h-6 w-6 p-0\"\u001b[39m\n          \u001b[36m>\u001b[39m\n            \u001b[36m<svg\u001b[39m\n              \u001b[33mclass\u001b[39m=\u001b[32m\"lucide lucide-external-link w-3 h-3\"\u001b[39m\n              \u001b[33mfill\u001b[39m=\u001b[32m\"none\"\u001b[39m\n              \u001b[33mheight\u001b[39m=\u001b[32m\"24\"\u001b[39m\n              \u001b[33mstroke\u001b[39m=\u001b[32m\"currentColor\"\u001b[39m\n              \u001b[33mstroke-linecap\u001b[39m=\u001b[32m\"round\"\u001b[39m\n              \u001b[33mstroke-linejoin\u001b[39m=\u001b[32m\"round\"\u001b[39m\n              \u001b[33mstroke-width\u001b[39m=\u001b[32m\"2\"\u001b[39m\n              \u001b[33mviewBox\u001b[39m=\u001b[32m\"0 0 24 24\"\u001b[39m\n              \u001b[33mwidth\u001b[39m=\u001b[32m\"24\"\u001b[39m\n              \u001b[33mxmlns\u001b[39m=\u001b[32m\"http://www.w3.org/2000/svg\"\u001b[39m\n            \u001b[36m>\u001b[39m\n              \u001b[36m<path\u001b[39m\n                \u001b[33md\u001b[39m=\u001b[32m\"M15 3h6v6\"\u001b[39m\n              \u001b[36m/>\u001b[39m\n              \u001b[36m<path\u001b[39m\n                \u001b[33md\u001b[39m=\u001b[32m\"M10 14 21 3\"\u001b[39m\n              \u001b[36m/>\u001b[39m\n              \u001b[36m<path\u001b[39m\n                \u001b[33md\u001b[39m=\u001b[32m\"M18 13v6a2 2 0 0 1-2 2H5a2 2 0 0 1-2-2V8a2 2 0 0 1 2-2h6\"\u001b[39m\n              \u001b[36m/>\u001b[39m\n            \u001b[36m</svg>\u001b[39m\n          \u001b[36m</button>\u001b[39m\n        \u001b[36m</div>\u001b[39m\n        \u001b[36m<a\u001b[39m\n          \u001b[33mclass\u001b[39m=\u001b[32m\"block\"\u001b[39m\n          \u001b[33mhref\u001b[39m=\u001b[32m\"/campaigns/undefined\"\u001b[39m\n        \u001b[36m>\u001b[39m\n          \u001b[36m<button\u001b[39m\n            \u001b[33mclass\u001b[39m=\u001b[32m\"inline-flex items-center justify-center gap-2 whitespace-nowrap rounded-md text-sm font-medium ring-offset-background transition-all duration-300 focus-visible:outline-none focus-visible:ring-2 focus-visible:ring-ring focus-visible:ring-offset-2 disabled:pointer-events-none disabled:opacity-50 [&_svg]:pointer-events-none [&_svg]:size-4 [&_svg]:shrink-0 border border-primary/20 bg-background/10 backdrop-blur-sm text-foreground hover:bg-primary/10 hover:border-primary/40 h-10 px-4 py-2 w-full\"\u001b[39m\n            \u001b[33mdisabled\u001b[39m=\u001b[32m\"\"\u001b[39m\n          \u001b[36m>\u001b[39m\n            \u001b[0mComing Soon\u001b[0m\n          \u001b[36m</button>\u001b[39m\n        \u001b[36m</a>\u001b[39m\n      \u001b[36m</div>\u001b[39m\n    \u001b[36m</div>\u001b[39m\n  \u001b[36m</div>\u001b[39m\n\u001b[36m</body>\u001b[39m"],"location":{"line":37,"column":19}},{"ancestorTitles":["","CampaignCard Component","Basic Rendering"],"fullName":" CampaignCard Component Basic Rendering shows fallback text when no prizes are available","status":"passed","title":"shows fallback text when no prizes are available","duration":99,"failureMessages":[]},{"ancestorTitles":["","CampaignCard Component","Campaign Status"],"fullName":" CampaignCard Component Campaign Status displays correct status for active campaigns","status":"failed","title":"displays correct status for active campaigns","duration":115,"failureMessages":["Unable to find an element with the text: Active. This could be because the text is broken up by multiple elements. In this case, you can provide a function for your text matcher to make your matcher more flexible.\n\nIgnored nodes: comments, script, style\n\u001b[36m<body>\u001b[39m\n  \u001b[36m<div>\u001b[39m\n    \u001b[36m<div\u001b[39m\n      \u001b[33mclass\u001b[39m=\u001b[32m\"rounded-lg border text-card-foreground shadow-sm bg-gradient-card border-primary/20 hover:border-primary/40 transition-all duration-300 hover:shadow-neon group\"\u001b[39m\n    \u001b[36m>\u001b[39m\n      \u001b[36m<div\u001b[39m\n        \u001b[33mclass\u001b[39m=\u001b[32m\"flex flex-col space-y-1.5 p-6 pb-4\"\u001b[39m\n      \u001b[36m>\u001b[39m\n        \u001b[36m<div\u001b[39m\n          \u001b[33mclass\u001b[39m=\u001b[32m\"aspect-video bg-secondary/30 rounded-lg mb-4 overflow-hidden relative\"\u001b[39m\n        \u001b[36m>\u001b[39m\n          \u001b[36m<img\u001b[39m\n            \u001b[33malt\u001b[39m=\u001b[32m\"Test Campaign 1\"\u001b[39m\n            \u001b[33mclass\u001b[39m=\u001b[32m\"w-full h-full object-cover group-hover:scale-105 transition-transform duration-300\"\u001b[39m\n          \u001b[36m/>\u001b[39m\n          \u001b[36m<div\u001b[39m\n            \u001b[33mclass\u001b[39m=\u001b[32m\"inline-flex items-center rounded-full border px-2.5 py-0.5 text-xs font-semibold transition-colors focus:outline-none focus:ring-2 focus:ring-ring focus:ring-offset-2 border-transparent bg-primary text-primary-foreground hover:bg-primary/80 absolute top-2 right-2 capitalize\"\u001b[39m\n          \u001b[36m>\u001b[39m\n            \u001b[0mactive\u001b[0m\n          \u001b[36m</div>\u001b[39m\n        \u001b[36m</div>\u001b[39m\n        \u001b[36m<h3\u001b[39m\n          \u001b[33mclass\u001b[39m=\u001b[32m\"tracking-tight text-xl font-bold text-foreground group-hover:text-primary transition-colors\"\u001b[39m\n        \u001b[36m>\u001b[39m\n          \u001b[0mTest Campaign 1\u001b[0m\n        \u001b[36m</h3>\u001b[39m\n        \u001b[36m<p\u001b[39m\n          \u001b[33mclass\u001b[39m=\u001b[32m\"text-muted-foreground text-sm line-clamp-2\"\u001b[39m\n        \u001b[36m>\u001b[39m\n          \u001b[0mThis is a test campaign 1 for the Squdy Burn-to-Win platform. Stake your SQUDY tokens and complete social media tasks to earn lottery tickets!\u001b[0m\n        \u001b[36m</p>\u001b[39m\n      \u001b[36m</div>\u001b[39m\n      \u001b[36m<div\u001b[39m\n        \u001b[33mclass\u001b[39m=\u001b[32m\"p-6 pt-0 space-y-4\"\u001b[39m\n      \u001b[36m>\u001b[39m\n        \u001b[36m<div\u001b[39m\n          \u001b[33mclass\u001b[39m=\u001b[32m\"space-y-2\"\u001b[39m\n        \u001b[36m>\u001b[39m\n          \u001b[36m<div\u001b[39m\n            \u001b[33mclass\u001b[39m=\u001b[32m\"flex justify-between text-sm\"\u001b[39m\n          \u001b[36m>\u001b[39m\n            \u001b[36m<span\u001b[39m\n              \u001b[33mclass\u001b[39m=\u001b[32m\"text-muted-foreground\"\u001b[39m\n            \u001b[36m>\u001b[39m\n              \u001b[0mProgress\u001b[0m\n            \u001b[36m</span>\u001b[39m\n            \u001b[36m<span\u001b[39m\n              \u001b[33mclass\u001b[39m=\u001b[32m\"text-foreground font-medium\"\u001b[39m\n            \u001b[36m>\u001b[39m\n              \u001b[0m5,000\u001b[0m\n              \u001b[0m / \u001b[0m\n              \u001b[0m10,000\u001b[0m\n              \u001b[0m SQUDY\u001b[0m\n            \u001b[36m</span>\u001b[39m\n          \u001b[36m</div>\u001b[39m\n          \u001b[36m<div\u001b[39m\n            \u001b[33maria-valuemax\u001b[39m=\u001b[32m\"100\"\u001b[39m\n            \u001b[33maria-valuemin\u001b[39m=\u001b[32m\"0\"\u001b[39m\n            \u001b[33mclass\u001b[39m=\u001b[32m\"relative w-full overflow-hidden rounded-full bg-secondary h-2\"\u001b[39m\n            \u001b[33mdata-max\u001b[39m=\u001b[32m\"100\"\u001b[39m\n            \u001b[33mdata-state\u001b[39m=\u001b[32m\"indeterminate\"\u001b[39m\n            \u001b[33mrole\u001b[39m=\u001b[32m\"progressbar\"\u001b[39m\n          \u001b[36m>\u001b[39m\n            \u001b[36m<div\u001b[39m\n              \u001b[33mclass\u001b[39m=\u001b[32m\"h-full w-full flex-1 bg-primary transition-all\"\u001b[39m\n              \u001b[33mdata-max\u001b[39m=\u001b[32m\"100\"\u001b[39m\n              \u001b[33mdata-state\u001b[39m=\u001b[32m\"indeterminate\"\u001b[39m\n              \u001b[33mstyle\u001b[39m=\u001b[32m\"transform: translateX(-50%);\"\u001b[39m\n            \u001b[36m/>\u001b[39m\n          \u001b[36m</div>\u001b[39m\n          \u001b[36m<div\u001b[39m\n            \u001b[33mclass\u001b[39m=\u001b[32m\"text-xs text-muted-foreground text-center\"\u001b[39m\n          \u001b[36m>\u001b[39m\n            \u001b[0m50.0\u001b[0m\n            \u001b[0m% of goal reached\u001b[0m\n          \u001b[36m</div>\u001b[39m\n        \u001b[36m</div>\u001b[39m\n        \u001b[36m<div\u001b[39m\n          \u001b[33mclass\u001b[39m=\u001b[32m\"grid grid-cols-2 gap-4 text-sm\"\u001b[39m\n        \u001b[36m>\u001b[39m\n          \u001b[36m<div\u001b[39m\n            \u001b[33mclass\u001b[39m=\u001b[32m\"flex items-center gap-2\"\u001b[39m\n          \u001b[36m>\u001b[39m\n            \u001b[36m<svg\u001b[39m\n              \u001b[33mclass\u001b[39m=\u001b[32m\"lucide lucide-target w-4 h-4 text-primary\"\u001b[39m\n              \u001b[33mfill\u001b[39m=\u001b[32m\"none\"\u001b[39m\n              \u001b[33mheight\u001b[39m=\u001b[32m\"24\"\u001b[39m\n              \u001b[33mstroke\u001b[39m=\u001b[32m\"currentColor\"\u001b[39m\n              \u001b[33mstroke-linecap\u001b[39m=\u001b[32m\"round\"\u001b[39m\n              \u001b[33mstroke-linejoin\u001b[39m=\u001b[32m\"round\"\u001b[39m\n              \u001b[33mstroke-width\u001b[39m=\u001b[32m\"2\"\u001b[39m\n              \u001b[33mviewBox\u001b[39m=\u001b[32m\"0 0 24 24\"\u001b[39m\n              \u001b[33mwidth\u001b[39m=\u001b[32m\"24\"\u001b[39m\n              \u001b[33mxmlns\u001b[39m=\u001b[32m\"http://www.w3.org/2000/svg\"\u001b[39m\n            \u001b[36m>\u001b[39m\n              \u001b[36m<circle\u001b[39m\n                \u001b[33mcx\u001b[39m=\u001b[32m\"12\"\u001b[39m\n                \u001b[33mcy\u001b[39m=\u001b[32m\"12\"\u001b[39m\n                \u001b[33mr\u001b[39m=\u001b[32m\"10\"\u001b[39m\n              \u001b[36m/>\u001b[39m\n              \u001b[36m<circle\u001b[39m\n                \u001b[33mcx\u001b[39m=\u001b[32m\"12\"\u001b[39m\n                \u001b[33mcy\u001b[39m=\u001b[32m\"12\"\u001b[39m\n                \u001b[33mr\u001b[39m=\u001b[32m\"6\"\u001b[39m\n              \u001b[36m/>\u001b[39m\n              \u001b[36m<circle\u001b[39m\n                \u001b[33mcx\u001b[39m=\u001b[32m\"12\"\u001b[39m\n                \u001b[33mcy\u001b[39m=\u001b[32m\"12\"\u001b[39m\n                \u001b[33mr\u001b[39m=\u001b[32m\"2\"\u001b[39m\n              \u001b[36m/>\u001b[39m\n            \u001b[36m</svg>\u001b[39m\n            \u001b[36m<div>\u001b[39m\n              \u001b[36m<p\u001b[39m\n                \u001b[33mclass\u001b[39m=\u001b[32m\"text-muted-foreground\"\u001b[39m\n              \u001b[36m>\u001b[39m\n                \u001b[0mTicket Price\u001b[0m\n              \u001b[36m</p>\u001b[39m\n              \u001b[36m<p\u001b[39m\n                \u001b[33mclass\u001b[39m=\u001b[32m\"font-medium\"\u001b[39m\n              \u001b[36m>\u001b[39m\n                \u001b[0m100\u001b[0m\n                \u001b[0m SQUDY\u001b[0m\n              \u001b[36m</p>\u001b[39m\n            \u001b[36m</div>\u001b[39m\n          \u001b[36m</div>\u001b[39m\n          \u001b[36m<div\u001b[39m\n            \u001b[33mclass\u001b[39m=\u001b[32m\"flex items-center gap-2\"\u001b[39m\n          \u001b[36m>\u001b[39m\n            \u001b[36m<svg\u001b[39m\n              \u001b[33mclass\u001b[39m=\u001b[32m\"lucide lucide-users w-4 h-4 text-primary\"\u001b[39m\n              \u001b[33mfill\u001b[39m=\u001b[32m\"none\"\u001b[39m\n              \u001b[33mheight\u001b[39m=\u001b[32m\"24\"\u001b[39m\n              \u001b[33mstroke\u001b[39m=\u001b[32m\"currentColor\"\u001b[39m\n              \u001b[33mstroke-linecap\u001b[39m=\u001b[32m\"round\"\u001b[39m\n              \u001b[33mstroke-linejoin\u001b[39m=\u001b[32m\"round\"\u001b[39m\n              \u001b[33mstroke-width\u001b[39m=\u001b[32m\"2\"\u001b[39m\n              \u001b[33mviewBox\u001b[39m=\u001b[32m\"0 0 24 24\"\u001b[39m\n              \u001b[33mwidth\u001b[39m=\u001b[32m\"24\"\u001b[39m\n              \u001b[33mxmlns\u001b[39m=\u001b[32m\"http://www.w3.org/2000/svg\"\u001b[39m\n            \u001b[36m>\u001b[39m\n              \u001b[36m<path\u001b[39m\n                \u001b[33md\u001b[39m=\u001b[32m\"M16 21v-2a4 4 0 0 0-4-4H6a4 4 0 0 0-4 4v2\"\u001b[39m\n              \u001b[36m/>\u001b[39m\n              \u001b[36m<circle\u001b[39m\n                \u001b[33mcx\u001b[39m=\u001b[32m\"9\"\u001b[39m\n                \u001b[33mcy\u001b[39m=\u001b[32m\"7\"\u001b[39m\n                \u001b[33mr\u001b[39m=\u001b[32m\"4\"\u001b[39m\n              \u001b[36m/>\u001b[39m\n              \u001b[36m<path\u001b[39m\n                \u001b[33md\u001b[39m=\u001b[32m\"M22 21v-2a4 4 0 0 0-3-3.87\"\u001b[39m\n              \u001b[36m/>\u001b[39m\n              \u001b[36m<path\u001b[39m\n                \u001b[33md\u001b[39m=\u001b[32m\"M16 3.13a4 4 0 0 1 0 7.75\"\u001b[39m\n              \u001b[36m/>\u001b[39m\n            \u001b[36m</svg>\u001b[39m\n            \u001b[36m<div>\u001b[39m\n              \u001b[36m<p\u001b[39m\n                \u001b[33mclass\u001b[39m=\u001b[32m\"text-muted-foreground\"\u001b[39m\n              \u001b[36m>\u001b[39m\n                \u001b[0mParticipants\u001b[0m\n              \u001b[36m</p>\u001b[39m\n              \u001b[36m<p\u001b[39m\n                \u001b[33mclass\u001b[39m=\u001b[32m\"font-medium\"\u001b[39m\n              \u001b[36m/>\u001b[39m\n            \u001b[36m</div>\u001b[39m\n          \u001b[36m</div>\u001b[39m\n        \u001b[36m</div>\u001b[39m\n        \u001b[36m<div\u001b[39m\n          \u001b[33mclass\u001b[39m=\u001b[32m\"space-y-2\"\u001b[39m\n        \u001b[36m>\u001b[39m\n          \u001b[36m<div\u001b[39m\n            \u001b[33mclass\u001b[39m=\u001b[32m\"flex items-center gap-2\"\u001b[39m\n          \u001b[36m>\u001b[39m\n            \u001b[36m<svg\u001b[39m\n              \u001b[33mclass\u001b[39m=\u001b[32m\"lucide lucide-trophy w-4 h-4 text-primary\"\u001b[39m\n              \u001b[33mfill\u001b[39m=\u001b[32m\"none\"\u001b[39m\n              \u001b[33mheight\u001b[39m=\u001b[32m\"24\"\u001b[39m\n              \u001b[33mstroke\u001b[39m=\u001b[32m\"currentColor\"\u001b[39m\n              \u001b[33mstroke-linecap\u001b[39m=\u001b[32m\"round\"\u001b[39m\n              \u001b[33mstroke-linejoin\u001b[39m=\u001b[32m\"round\"\u001b[39m\n              \u001b[33mstroke-width\u001b[39m=\u001b[32m\"2\"\u001b[39m\n              \u001b[33mviewBox\u001b[39m=\u001b[32m\"0 0 24 24\"\u001b[39m\n              \u001b[33mwidth\u001b[39m=\u001b[32m\"24\"\u001b[39m\n              \u001b[33mxmlns\u001b[39m=\u001b[32m\"http://www.w3.org/2000/svg\"\u001b[39m\n            \u001b[36m>\u001b[39m\n              \u001b[36m<path\u001b[39m\n                \u001b[33md\u001b[39m=\u001b[32m\"M6 9H4.5a2.5 2.5 0 0 1 0-5H6\"\u001b[39m\n              \u001b[36m/>\u001b[39m\n              \u001b[36m<path\u001b[39m\n                \u001b[33md\u001b[39m=\u001b[32m\"M18 9h1.5a2.5 2.5 0 0 0 0-5H18\"\u001b[39m\n              \u001b[36m/>\u001b[39m\n              \u001b[36m<path\u001b[39m\n                \u001b[33md\u001b[39m=\u001b[32m\"M4 22h16\"\u001b[39m\n              \u001b[36m/>\u001b[39m\n              \u001b[36m<path\u001b[39m\n                \u001b[33md\u001b[39m=\u001b[32m\"M10 14.66V17c0 .55-.47.98-.97 1.21C7.85 18.75 7 20.24 7 22\"\u001b[39m\n              \u001b[36m/>\u001b[39m\n              \u001b[36m<path\u001b[39m\n                \u001b[33md\u001b[39m=\u001b[32m\"M14 14.66V17c0 .55.47.98.97 1.21C16.15 18.75 17 20.24 17 22\"\u001b[39m\n              \u001b[36m/>\u001b[39m\n              \u001b[36m<path\u001b[39m\n                \u001b[33md\u001b[39m=\u001b[32m\"M18 2H6v7a6 6 0 0 0 12 0V2Z\"\u001b[39m\n              \u001b[36m/>\u001b[39m\n            \u001b[36m</svg>\u001b[39m\n            \u001b[36m<p\u001b[39m\n              \u001b[33mclass\u001b[39m=\u001b[32m\"text-sm font-medium text-foreground\"\u001b[39m\n            \u001b[36m>\u001b[39m\n              \u001b[0mPrize Pool\u001b[0m\n            \u001b[36m</p>\u001b[39m\n          \u001b[36m</div>\u001b[39m\n          \u001b[36m<div\u001b[39m\n            \u001b[33mclass\u001b[39m=\u001b[32m\"flex flex-wrap gap-1\"\u001b[39m\n          \u001b[36m>\u001b[39m\n            \u001b[36m<div\u001b[39m\n              \u001b[33mclass\u001b[39m=\u001b[32m\"inline-flex items-center rounded-full border px-2.5 py-0.5 font-semibold transition-colors focus:outline-none focus:ring-2 focus:ring-ring focus:ring-offset-2 text-foreground text-xs\"\u001b[39m\n            \u001b[36m>\u001b[39m\n              \u001b[0m1,000\u001b[0m\n              \u001b[0m \u001b[0m\n              \u001b[0mUSD\u001b[0m\n            \u001b[36m</div>\u001b[39m\n            \u001b[36m<div\u001b[39m\n              \u001b[33mclass\u001b[39m=\u001b[32m\"inline-flex items-center rounded-full border px-2.5 py-0.5 font-semibold transition-colors focus:outline-none focus:ring-2 focus:ring-ring focus:ring-offset-2 text-foreground text-xs\"\u001b[39m\n            \u001b[36m>\u001b[39m\n              \u001b[0m2,000\u001b[0m\n              \u001b[0m \u001b[0m\n              \u001b[0mSQUDY\u001b[0m\n            \u001b[36m</div>\u001b[39m\n            \u001b[36m<div\u001b[39m\n              \u001b[33mclass\u001b[39m=\u001b[32m\"inline-flex items-center rounded-full border px-2.5 py-0.5 font-semibold transition-colors focus:outline-none focus:ring-2 focus:ring-ring focus:ring-offset-2 text-foreground text-xs\"\u001b[39m\n            \u001b[36m>\u001b[39m\n              \u001b[0m+\u001b[0m\n              \u001b[0m1\u001b[0m\n              \u001b[0m more\u001b[0m\n            \u001b[36m</div>\u001b[39m\n          \u001b[36m</div>\u001b[39m\n        \u001b[36m</div>\u001b[39m\n        \u001b[36m<div\u001b[39m\n          \u001b[33mclass\u001b[39m=\u001b[32m\"flex items-center justify-between text-sm\"\u001b[39m\n        \u001b[36m>\u001b[39m\n          \u001b[36m<div\u001b[39m\n            \u001b[33mclass\u001b[39m=\u001b[32m\"flex items-center gap-2\"\u001b[39m\n          \u001b[36m>\u001b[39m\n            \u001b[36m<svg\u001b[39m\n              \u001b[33mclass\u001b[39m=\u001b[32m\"lucide lucide-clock w-4 h-4 text-primary\"\u001b[39m\n              \u001b[33mfill\u001b[39m=\u001b[32m\"none\"\u001b[39m\n              \u001b[33mheight\u001b[39m=\u001b[32m\"24\"\u001b[39m\n              \u001b[33mstroke\u001b[39m=\u001b[32m\"currentColor\"\u001b[39m\n              \u001b[33mstroke-linecap\u001b[39m=\u001b[32m\"round\"\u001b[39m\n              \u001b[33mstroke-linejoin\u001b[39m=\u001b[32m\"round\"\u001b[39m\n              \u001b[33mstroke-width\u001b[39m=\u001b[32m\"2\"\u001b[39m\n              \u001b[33mviewBox\u001b[39m=\u001b[32m\"0 0 24 24\"\u001b[39m\n              \u001b[33mwidth\u001b[39m=\u001b[32m\"24\"\u001b[39m\n              \u001b[33mxmlns\u001b[39m=\u001b[32m\"http://www.w3.org/2000/svg\"\u001b[39m\n            \u001b[36m>\u001b[39m\n              \u001b[36m<circle\u001b[39m\n                \u001b[33mcx\u001b[39m=\u001b[32m\"12\"\u001b[39m\n                \u001b[33mcy\u001b[39m=\u001b[32m\"12\"\u001b[39m\n                \u001b[33mr\u001b[39m=\u001b[32m\"10\"\u001b[39m\n              \u001b[36m/>\u001b[39m\n              \u001b[36m<polyline\u001b[39m\n                \u001b[33mpoints\u001b[39m=\u001b[32m\"12 6 12 12 16 14\"\u001b[39m\n              \u001b[36m/>\u001b[39m\n            \u001b[36m</svg>\u001b[39m\n            \u001b[36m<span\u001b[39m\n              \u001b[33mclass\u001b[39m=\u001b[32m\"text-neon-green font-medium\"\u001b[39m\n            \u001b[36m>\u001b[39m\n              \u001b[0m5d 23h\u001b[0m\n            \u001b[36m</span>\u001b[39m\n          \u001b[36m</div>\u001b[39m\n          \u001b[36m<button\u001b[39m\n            \u001b[33mclass\u001b[39m=\u001b[32m\"inline-flex items-center justify-center gap-2 whitespace-nowrap text-sm font-medium ring-offset-background transition-all duration-300 focus-visible:outline-none focus-visible:ring-2 focus-visible:ring-ring focus-visible:ring-offset-2 disabled:pointer-events-none disabled:opacity-50 [&_svg]:pointer-events-none [&_svg]:size-4 [&_svg]:shrink-0 hover:bg-accent hover:text-accent-foreground rounded-md h-6 w-6 p-0\"\u001b[39m\n          \u001b[36m>\u001b[39m\n            \u001b[36m<svg\u001b[39m\n              \u001b[33mclass\u001b[39m=\u001b[32m\"lucide lucide-external-link w-3 h-3\"\u001b[39m\n              \u001b[33mfill\u001b[39m=\u001b[32m\"none\"\u001b[39m\n              \u001b[33mheight\u001b[39m=\u001b[32m\"24\"\u001b[39m\n              \u001b[33mstroke\u001b[39m=\u001b[32m\"currentColor\"\u001b[39m\n              \u001b[33mstroke-linecap\u001b[39m=\u001b[32m\"round\"\u001b[39m\n              \u001b[33mstroke-linejoin\u001b[39m=\u001b[32m\"round\"\u001b[39m\n              \u001b[33mstroke-width\u001b[39m=\u001b[32m\"2\"\u001b[39m\n              \u001b[33mviewBox\u001b[39m=\u001b[32m\"0 0 24 24\"\u001b[39m\n              \u001b[33mwidth\u001b[39m=\u001b[32m\"24\"\u001b[39m\n              \u001b[33mxmlns\u001b[39m=\u001b[32m\"http://www.w3.org/2000/svg\"\u001b[39m\n            \u001b[36m>\u001b[39m\n              \u001b[36m<path\u001b[39m\n                \u001b[33md\u001b[39m=\u001b[32m\"M15 3h6v6\"\u001b[39m\n              \u001b[36m/>\u001b[39m\n              \u001b[36m<path\u001b[39m\n                \u001b[33md\u001b[39m=\u001b[32m\"M10 14 21 3\"\u001b[39m\n              \u001b[36m/>\u001b[39m\n              \u001b[36m<path\u001b[39m\n                \u001b[33md\u001b[39m=\u001b[32m\"M18 13v6a2 2 0 0 1-2 2H5a2 2 0 0 1-2-2V8a2 2 0 0 1 2-2h6\"\u001b[39m\n              \u001b[36m/>\u001b[39m\n            \u001b[36m</svg>\u001b[39m\n          \u001b[36m</button>\u001b[39m\n        \u001b[36m</div>\u001b[39m\n        \u001b[36m<a\u001b[39m\n          \u001b[33mclass\u001b[39m=\u001b[32m\"block\"\u001b[39m\n          \u001b[33mhref\u001b[39m=\u001b[32m\"/campaigns/undefined\"\u001b[39m\n        \u001b[36m>\u001b[39m\n          \u001b[36m<button\u001b[39m\n            \u001b[33mclass\u001b[39m=\u001b[32m\"inline-flex items-center justify-center gap-2 whitespace-nowrap rounded-md text-sm ring-offset-background transition-all duration-300 focus-visible:outline-none focus-visible:ring-2 focus-visible:ring-ring focus-visible:ring-offset-2 disabled:pointer-events-none disabled:opacity-50 [&_svg]:pointer-events-none [&_svg]:size-4 [&_svg]:shrink-0 bg-gradient-primary text-primary-foreground hover:shadow-glow hover:scale-105 font-semibold h-10 px-4 py-2 w-full\"\u001b[39m\n          \u001b[36m>\u001b[39m\n            \u001b[36m<svg\u001b[39m\n              \u001b[33mclass\u001b[39m=\u001b[32m\"lucide lucide-flame w-4 h-4\"\u001b[39m\n              \u001b[33mfill\u001b[39m=\u001b[32m\"none\"\u001b[39m\n              \u001b[33mheight\u001b[39m=\u001b[32m\"24\"\u001b[39m\n              \u001b[33mstroke\u001b[39m=\u001b[32m\"currentColor\"\u001b[39m\n              \u001b[33mstroke-linecap\u001b[39m=\u001b[32m\"round\"\u001b[39m\n              \u001b[33mstroke-linejoin\u001b[39m=\u001b[32m\"round\"\u001b[39m\n              \u001b[33mstroke-width\u001b[39m=\u001b[32m\"2\"\u001b[39m\n              \u001b[33mviewBox\u001b[39m=\u001b[32m\"0 0 24 24\"\u001b[39m\n              \u001b[33mwidth\u001b[39m=\u001b[32m\"24\"\u001b[39m\n              \u001b[33mxmlns\u001b[39m=\u001b[32m\"http://www.w3.org/2000/svg\"\u001b[39m\n            \u001b[36m>\u001b[39m\n              \u001b[36m<path\u001b[39m\n                \u001b[33md\u001b[39m=\u001b[32m\"M8.5 14.5A2.5 2.5 0 0 0 11 12c0-1.38-.5-2-1-3-1.072-2.143-.224-4.054 2-6 .5 2.5 2 4.9 4 6.5 2 1.6 3 3.5 3 5.5a7 7 0 1 1-14 0c0-1.153.433-2.294 1-3a2.5 2.5 0 0 0 2.5 2.5z\"\u001b[39m\n              \u001b[36m/>\u001b[39m\n            \u001b[36m</svg>\u001b[39m\n            \u001b[0mJoin Campaign\u001b[0m\n          \u001b[36m</button>\u001b[39m\n        \u001b[36m</a>\u001b[39m\n      \u001b[36m</div>\u001b[39m\n    \u001b[36m</div>\u001b[39m\n  \u001b[36m</div>\u001b[39m\n\u001b[36m</body>\u001b[39m"],"location":{"line":37,"column":19}},{"ancestorTitles":["","CampaignCard Component","Campaign Status"],"fullName":" CampaignCard Component Campaign Status displays correct status for paused campaigns","status":"failed","title":"displays correct status for paused campaigns","duration":136,"failureMessages":["Unable to find an element with the text: Paused. This could be because the text is broken up by multiple elements. In this case, you can provide a function for your text matcher to make your matcher more flexible.\n\nIgnored nodes: comments, script, style\n\u001b[36m<body>\u001b[39m\n  \u001b[36m<div>\u001b[39m\n    \u001b[36m<div\u001b[39m\n      \u001b[33mclass\u001b[39m=\u001b[32m\"rounded-lg border text-card-foreground shadow-sm bg-gradient-card border-primary/20 hover:border-primary/40 transition-all duration-300 hover:shadow-neon group\"\u001b[39m\n    \u001b[36m>\u001b[39m\n      \u001b[36m<div\u001b[39m\n        \u001b[33mclass\u001b[39m=\u001b[32m\"flex flex-col space-y-1.5 p-6 pb-4\"\u001b[39m\n      \u001b[36m>\u001b[39m\n        \u001b[36m<div\u001b[39m\n          \u001b[33mclass\u001b[39m=\u001b[32m\"aspect-video bg-secondary/30 rounded-lg mb-4 overflow-hidden relative\"\u001b[39m\n        \u001b[36m>\u001b[39m\n          \u001b[36m<img\u001b[39m\n            \u001b[33malt\u001b[39m=\u001b[32m\"Test Campaign 1\"\u001b[39m\n            \u001b[33mclass\u001b[39m=\u001b[32m\"w-full h-full object-cover group-hover:scale-105 transition-transform duration-300\"\u001b[39m\n          \u001b[36m/>\u001b[39m\n          \u001b[36m<div\u001b[39m\n            \u001b[33mclass\u001b[39m=\u001b[32m\"inline-flex items-center rounded-full border px-2.5 py-0.5 text-xs font-semibold transition-colors focus:outline-none focus:ring-2 focus:ring-ring focus:ring-offset-2 border-transparent bg-destructive text-destructive-foreground hover:bg-destructive/80 absolute top-2 right-2 capitalize\"\u001b[39m\n          \u001b[36m>\u001b[39m\n            \u001b[0mpaused\u001b[0m\n          \u001b[36m</div>\u001b[39m\n        \u001b[36m</div>\u001b[39m\n        \u001b[36m<h3\u001b[39m\n          \u001b[33mclass\u001b[39m=\u001b[32m\"tracking-tight text-xl font-bold text-foreground group-hover:text-primary transition-colors\"\u001b[39m\n        \u001b[36m>\u001b[39m\n          \u001b[0mTest Campaign 1\u001b[0m\n        \u001b[36m</h3>\u001b[39m\n        \u001b[36m<p\u001b[39m\n          \u001b[33mclass\u001b[39m=\u001b[32m\"text-muted-foreground text-sm line-clamp-2\"\u001b[39m\n        \u001b[36m>\u001b[39m\n          \u001b[0mThis is a test campaign 1 for the Squdy Burn-to-Win platform. Stake your SQUDY tokens and complete social media tasks to earn lottery tickets!\u001b[0m\n        \u001b[36m</p>\u001b[39m\n      \u001b[36m</div>\u001b[39m\n      \u001b[36m<div\u001b[39m\n        \u001b[33mclass\u001b[39m=\u001b[32m\"p-6 pt-0 space-y-4\"\u001b[39m\n      \u001b[36m>\u001b[39m\n        \u001b[36m<div\u001b[39m\n          \u001b[33mclass\u001b[39m=\u001b[32m\"space-y-2\"\u001b[39m\n        \u001b[36m>\u001b[39m\n          \u001b[36m<div\u001b[39m\n            \u001b[33mclass\u001b[39m=\u001b[32m\"flex justify-between text-sm\"\u001b[39m\n          \u001b[36m>\u001b[39m\n            \u001b[36m<span\u001b[3
[...]
\"\u001b[39m\n          \u001b[36m>\u001b[39m\n            \u001b[36m<a\u001b[39m\n              \u001b[33mclass\u001b[39m=\u001b[32m\"flex items-center space-x-2\"\u001b[39m\n              \u001b[33mhref\u001b[39m=\u001b[32m\"/\"\u001b[39m\n            \u001b[36m>\u001b[39m\n              \u001b[36m<div\u001b[39m\n                \u001b[33mclass\u001b[39m=\u001b[32m\"w-8 h-8 bg-gradient-primary rounded-lg flex items-center justify-center\"\u001b[39m\n              \u001b[36m>\u001b[39m\n                \u001b[36m<span\u001b[39m\n                  \u001b[33mclass\u001b[39m=\u001b[32m\"text-white font-bold\"\u001b[39m\n                \u001b[36m>\u001b[39m\n                  \u001b[0mS\u001b[0m\n                \u001b[36m</span>\u001b[39m\n              \u001b[36m</div>\u001b[39m\n              \u001b[36m<span\u001b[39m\n                \u001b[33mclass\u001b[39m=\u001b[32m\"text-xl font-bold bg-gradient-primary bg-clip-text text-transparent\"\u001b[39m\n              \u001b[36m>\u001b[39m\n                \u001b[0mSqudy\u001b[0m\n              \u001b[36m</span>\u001b[39m\n            \u001b[36m</a>\u001b[39m\n            \u001b[36m<nav\u001b[39m\n              \u001b[33mclass\u001b[39m=\u001b[32m\"hidden md:flex items-center space-x-8\"\u001b[39m\n            \u001b[36m>\u001b[39m\n              \u001b[36m<a\u001b[39m\n                \u001b[33mclass\u001b[39m=\u001b[32m\"text-foreground hover:text-primary transition-colors\"\u001b[39m\n                \u001b[33mhref\u001b[39m=\u001b[32m\"/\"\u001b[39m\n              \u001b[36m>\u001b[39m\n                \u001b[0mHome\u001b[0m\n              \u001b[36m</a>\u001b[39m\n              \u001b[36m<a\u001b[39m\n                \u001b[33mclass\u001b[39m=\u001b[32m\"text-foreground hover:text-primary transition-colors\"\u001b[39m\n                \u001b[33mhref\u001b[39m=\u001b[32m\"/campaigns\"\u001b[39m\n              \u001b[36m>\u001b[39m\n                \u001b[0mCampaigns\u001b[0m\n              \u001b[36m</a>\u001b[39m\n              \u001b[36m<a\u001b[39m\n                \u001b[33mclass\u001b[39m=\u001b[32m\"text-foreground hover:text-primary transition-colors\"\u001b[39m\n                \u001b[33mhref\u001b[39m=\u001b[32m\"/admin\"\u001b[39m\n              \u001b[36m>\u001b[39m\n                \u001b[0mAdmin\u001b[0m\n              \u001b[36m</a>\u001b[39m\n              \u001b[36m<a\u001b[39m\n                \u001b[33mclass\u001b[39m=\u001b[32m\"text-foreground hover:text-primary transition-colors\"\u001b[39m\n                \u001b[33mhref\u001b[39m=\u001b[32m\"/terms\"\u001b[39m\n              \u001b[36m>\u001b[39m\n                \u001b[0mTerms\u001b[0m\n              \u001b[36m</a>\u001b[39m\n            \u001b[36m</nav>\u001b[39m\n            \u001b[36m<div\u001b[39m\n              \u001b[33mclass\u001b[39m=\u001b[32m\"hidden md:flex items-center space-x-4\"\u001b[39m\n            \u001b[36m>\u001b[39m\n              \u001b[36m<button\u001b[39m\n                \u001b[33mclass\u001b[39m=\u001b[32m\"inline-flex items-center justify-center gap-2 whitespace-nowrap text-sm font-medium ring-offset-background transition-all duration-300 focus-visible:outline-none focus-visible:ring-2 focus-visible:ring-ring focus-visible:ring-offset-2 disabled:pointer-events-none disabled:opacity-50 [&_svg]:pointer-events-none [&_svg]:size-4 [&_svg]:shrink-0 border border-primary/20 bg-background/10 backdrop-blur-sm text-foreground hover:bg-primary/10 hover:border-primary/40 h-9 rounded-md px-3\"\u001b[39m\n              \u001b[36m>\u001b[39m\n                \u001b[36m<svg\u001b[39m\n                  \u001b[33mclass\u001b[39m=\u001b[32m\"lucide lucide-wallet w-4 h-4\"\u001b[39m\n                  \u001b[33mfill\u001b[39m=\u001b[32m\"none\"\u001b[39m\n                  \u001b[33mheight\u001b[39m=\u001b[32m\"24\"\u001b[39m\n                  \u001b[33mstroke\u001b[39m=\u001b[32m\"currentColor\"\u001b[39m\n                  \u001b[33mstroke-linecap\u001b[39m=\u001b[32m\"round\"\u001b[39m\n                  \u001b[33mstroke-linejoin\u001b[39m=\u001b[32m\"round\"\u001b[39m\n                  \u001b[33mstroke-width\u001b[39m=\u001b[32m\"2\"\u001b[39m\n                  \u001b[33mviewBox\u001b[39m=\u001b[32m\"0 0 24 24\"\u001b[39m\n                  \u001b[33mwidth\u001b[39m=\u001b[32m\"24\"\u001b[39m\n                  \u001b[33mxmlns\u001b[39m=\u001b[32m\"http://www.w3.org/2000/svg\"\u001b[39m\n                \u001b[36m>\u001b[39m\n                  \u001b[36m<path\u001b[39m\n                    \u001b[33md\u001b[39m=\u001b[32m\"M19 7V4a1 1 0 0 0-1-1H5a2 2 0 0 0 0 4h15a1 1 0 0 1 1 1v4h-3a2 2 0 0 0 0 4h3a1 1 0 0 0 1-1v-2a1 1 0 0 0-1-1\"\u001b[39m\n                  \u001b[36m/>\u001b[39m\n                  \u001b[36m<path\u001b[39m\n                    \u001b[33md\u001b[39m=\u001b[32m\"M3 5v14a2 2 0 0 0 2 2h15a1 1 0 0 0 1-1v-4\"\u001b[39m\n                  \u001b[36m/>\u001b[39m\n                \u001b[36m</svg>\u001b[39m\n                \u001b[0mConnect Wallet\u001b[0m\n              \u001b[36m</button>\u001b[39m\n              \u001b[36m<button\u001b[39m\n                \u001b[33mclass\u001b[39m=\u001b[32m\"inline-flex items-center justify-center gap-2 whitespace-nowrap text-sm ring-offset-background transition-all duration-300 focus-visible:outline-none focus-visible:ring-2 focus-visible:ring-ring focus-visible:ring-offset-2 disabled:pointer-events-none disabled:opacity-50 [&_svg]:pointer-events-none [&_svg]:size-4 [&_svg]:shrink-0 bg-gradient-primary text-primary-foreground hover:shadow-glow hover:scale-105 font-semibold h-9 rounded-md px-3\"\u001b[39m\n              \u001b[36m>\u001b[39m\n                \u001b[0mBuy SQUDY\u001b[0m\n              \u001b[36m</button>\u001b[39m\n            \u001b[36m</div>\u001b[39m\n            \u001b[36m<button\u001b[39m\n              \u001b[33mclass\u001b[39m=\u001b[32m\"md:hidden text-foreground\"\u001b[39m\n            \u001b[36m>\u001b[39m\n              \u001b[36m<svg\u001b[39m\n                \u001b[33mclass\u001b[39m=\u001b[32m\"lucide lucide-menu\"\u001b[39m\n                \u001b[33mfill\u001b[39m=\u001b[32m\"none\"\u001b[39m\n                \u001b[33mheight\u001b[39m=\u001b[32m\"24\"\u001b[39m\n                \u001b[33mstroke\u001b[39m=\u001b[32m\"currentColor\"\u001b[39m\n                \u001b[33mstroke-linecap\u001b[39m=\u001b[32m\"round\"\u001b[39m\n                \u001b[33mstroke-linejoin\u001b[39m=\u001b[32m\"round\"\u001b[39m\n                \u001b[33mstroke-width\u001b[39m=\u001b[32m\"2\"\u001b[39m\n                \u001b[33mviewBox\u001b[39m=\u001b[32m\"0 0 24 24\"\u001b[39m\n                \u001b[33mwidth\u001b[39m=\u001b[32m\"24\"\u001b[39m\n                \u001b[33mxmlns\u001b[39m=\u001b[32m\"http://www.w3.org/2000/svg\"\u001b[39m\n              \u001b[36m>\u001b[39m\n                \u001b[36m<line\u001b[39m\n                  \u001b[33mx1\u001b[39m=\u001b[32m\"4\"\u001b[39m\n                  \u001b[33mx2\u001b[39m=\u001b[32m\"20\"\u001b[39m\n                  \u001b[33my1\u001b[39m=\u001b[32m\"12\"\u001b[39m\n                  \u001b[33my2\u001b[39m=\u001b[32m\"12\"\u001b[39m\n                \u001b[36m/>\u001b[39m\n                \u001b[36m<line\u001b[39m\n                  \u001b[33mx1\u001b[39m=\u001b[32m\"4\"\u001b[39m\n                  \u001b[33mx2\u001b[39m=\u001b[32m\"20\"\u001b[39m\n                  \u001b[33my1\u001b[39m=\u001b[32m\"6\"\u001b[39m\n                  \u001b[33my2\u001b[39m=\u001b[32m\"6\"\u001b[39m\n                \u001b[36m/>\u001b[39m\n                \u001b[36m<line\u001b[39m\n                  \u001b[33mx1\u001b[39m=\u001b[32m\"4\"\u001b[39m\n                  \u001b[33mx2\u001b[39m=\u001b[32m\"20\"\u001b[39m\n                  \u001b[33my1\u001b[39m=\u001b[32m\"18\"\u001b[39m\n                  \u001b[33my2\u001b[39m=\u001b[32m\"18\"\u001b[39m\n                \u001b[36m/>\u001b[39m\n              \u001b[36m</svg>\u001b[39m\n            \u001b[36m</button>\u001b[39m\n          \u001b[36m</div>\u001b[39m\n        \u001b[36m</div>\u001b[39m\n      \u001b[36m</header>\u001b[39m\n      \u001b[36m<section\u001b[39m\n        \u001b[33mclass\u001b[39m=\u001b[32m\"relative min-h-screen bg-gradient-hero flex items-center justify-center overflow-hidden\"\u001b[39m\n      \u001b[36m>\u001b[39m\n        \u001b[36m<div\u001b[39m\n          \u001b[33mclass\u001b[39m=\u001b[32m\"absolute inset-0 bg-gradient-to-br from-primary/10 via-transparent to-neon-blue/10\"\u001b[39m\n        \u001b[36m/>\u001b[39m\n        \u001b[36m<div\u001b[39m\n          ..."],"location":{"line":37,"column":19}},{"ancestorTitles":["","HomePage Integration Tests","Accessibility Integration"],"fullName":" HomePage Integration Tests Accessibility Integration maintains proper heading hierarchy","status":"failed","title":"maintains proper heading hierarchy","duration":174,"failureMessages":["[vitest] No \"formatProgress\" export is defined on the \"@/hooks/useCampaigns\" mock. Did you forget to return it from \"vi.mock\"?\nIf you need to partially mock a module, you can use \"importOriginal\" helper inside:\n"],"location":{"line":20,"column":20}},{"ancestorTitles":["","HomePage Integration Tests","Accessibility Integration"],"fullName":" HomePage Integration Tests Accessibility Integration provides accessible navigation landmarks","status":"failed","title":"provides accessible navigation landmarks","duration":152,"failureMessages":["[vitest] No \"formatProgress\" export is defined on the \"@/hooks/useCampaigns\" mock. Did you forget to return it from \"vi.mock\"?\nIf you need to partially mock a module, you can use \"importOriginal\" helper inside:\n"],"location":{"line":20,"column":20}},{"ancestorTitles":["","HomePage Integration Tests","Accessibility Integration"],"fullName":" HomePage Integration Tests Accessibility Integration supports screen reader navigation","status":"failed","title":"supports screen reader navigation","duration":154,"failureMessages":["[vitest] No \"formatProgress\" export is defined on the \"@/hooks/useCampaigns\" mock. Did you forget to return it from \"vi.mock\"?\nIf you need to partially mock a module, you can use \"importOriginal\" helper inside:\n"],"location":{"line":20,"column":20}}],"startTime":1754149246586,"endTime":1754149275879,"status":"failed","message":"","name":"/Users/dina/squdy-win-spark/src/pages/HomePage.integration.test.tsx"},{"assertionResults":[],"startTime":1754149233235,"endTime":1754149233235,"status":"failed","message":"Cannot read properties of undefined (reading 'interceptors')","name":"/Users/dina/squdy-win-spark/src/services/api.test.ts"},{"assertionResults":[],"startTime":1754149233235,"endTime":1754149233235,"status":"failed","message":"Cannot read properties of undefined (reading 'parseUnits')","name":"/Users/dina/squdy-win-spark/src/services/contracts.test.ts"},{"assertionResults":[{"ancestorTitles":["","json-schema-traverse"],"fullName":" json-schema-traverse should traverse all keywords containing schemas recursively","status":"passed","title":"should traverse all keywords containing schemas recursively","duration":14,"failureMessages":[]},{"ancestorTitles":["","json-schema-traverse","Legacy v0.3.1 API"],"fullName":" json-schema-traverse Legacy v0.3.1 API should traverse all keywords containing schemas recursively","status":"passed","title":"should traverse all keywords containing schemas recursively","duration":2,"failureMessages":[]},{"ancestorTitles":["","json-schema-traverse","Legacy v0.3.1 API"],"fullName":" json-schema-traverse Legacy v0.3.1 API should work when an options object is provided","status":"passed","title":"should work when an options object is provided","duration":3,"failureMessages":[]},{"ancestorTitles":["","json-schema-traverse","allKeys option"],"fullName":" json-schema-traverse allKeys option should traverse objects with allKeys: true option","status":"passed","title":"should traverse objects with allKeys: true option","duration":1,"failureMessages":[]},{"ancestorTitles":["","json-schema-traverse","allKeys option"],"fullName":" json-schema-traverse allKeys option should NOT traverse objects with allKeys: false option","status":"passed","title":"should NOT traverse objects with allKeys: false option","duration":1,"failureMessages":[]},{"ancestorTitles":["","json-schema-traverse","allKeys option"],"fullName":" json-schema-traverse allKeys option should NOT traverse objects without allKeys option","status":"passed","title":"should NOT traverse objects without allKeys option","duration":1,"failureMessages":[]},{"ancestorTitles":["","json-schema-traverse","allKeys option"],"fullName":" json-schema-traverse allKeys option should NOT travers objects in standard keywords which value is not a schema","status":"passed","title":"should NOT travers objects in standard keywords which value is not a schema","duration":2,"failureMessages":[]},{"ancestorTitles":["","json-schema-traverse","pre and post"],"fullName":" json-schema-traverse pre and post should traverse schema in pre-order","status":"passed","title":"should traverse schema in pre-order","duration":1,"failureMessages":[]},{"ancestorTitles":["","json-schema-traverse","pre and post"],"fullName":" json-schema-traverse pre and post should traverse schema in post-order","status":"passed","title":"should traverse schema in post-order","duration":0,"failureMessages":[]},{"ancestorTitles":["","json-schema-traverse","pre and post"],"fullName":" json-schema-traverse pre and post should traverse schema in pre- and post-order at the same time","status":"passed","title":"should traverse schema in pre- and post-order at the same time","duration":2,"failureMessages":[]}],"startTime":1754149290668,"endTime":1754149290698,"status":"passed","message":"","name":"/Users/dina/squdy-win-spark/src/components/offchain-verifier/node_modules/.pnpm/node_modules/json-schema-traverse/spec/index.spec.js"},{"assertionResults":[{"ancestorTitles":["","json-schema-traverse"],"fullName":" json-schema-traverse should traverse all keywords containing schemas recursively","status":"passed","title":"should traverse all keywords containing schemas recursively","duration":7,"failureMessages":[]},{"ancestorTitles":["","json-schema-traverse","Legacy v0.3.1 API"],"fullName":" json-schema-traverse Legacy v0.3.1 API should traverse all keywords containing schemas recursively","status":"passed","title":"should traverse all keywords containing schemas recursively","duration":1,"failureMessages":[]},{"ancestorTitles":["","json-schema-traverse","Legacy v0.3.1 API"],"fullName":" json-schema-traverse Legacy v0.3.1 API should work when an options object is provided","status":"passed","title":"should work when an options object is provided","duration":1,"failureMessages":[]},{"ancestorTitles":["","json-schema-traverse","allKeys option"],"fullName":" json-schema-traverse allKeys option should traverse objects with allKeys: true option","status":"passed","title":"should traverse objects with allKeys: true option","duration":1,"failureMessages":[]},{"ancestorTitles":["","json-schema-traverse","allKeys option"],"fullName":" json-schema-traverse allKeys option should NOT traverse objects with allKeys: false option","status":"passed","title":"should NOT traverse objects with allKeys: false option","duration":1,"failureMessages":[]},{"ancestorTitles":["","json-schema-traverse","allKeys option"],"fullName":" json-schema-traverse allKeys option should NOT traverse objects without allKeys option","status":"passed","title":"should NOT traverse objects without allKeys option","duration":1,"failureMessages":[]},{"ancestorTitles":["","json-schema-traverse","allKeys option"],"fullName":" json-schema-traverse allKeys option should NOT travers objects in standard keywords which value is not a schema","status":"passed","title":"should NOT travers objects in standard keywords which value is not a schema","duration":1,"failureMessages":[]},{"ancestorTitles":["","json-schema-traverse","pre and post"],"fullName":" json-schema-traverse pre and post should traverse schema in pre-order","status":"passed","title":"should traverse schema in pre-order","duration":2,"failureMessages":[]},{"ancestorTitles":["","json-schema-traverse","pre and post"],"fullName":" json-schema-traverse pre and post should traverse schema in post-order","status":"passed","title":"should traverse schema in post-order","duration":1,"failureMessages":[]},{"ancestorTitles":["","json-schema-traverse","pre and post"],"fullName":" json-schema-traverse pre and post should traverse schema in pre- and post-order at the same time","status":"passed","title":"should traverse schema in pre- and post-order at the same time","duration":1,"failureMessages":[]}],"startTime":1754149294713,"endTime":1754149294731,"status":"passed","message":"","name":"/Users/dina/squdy-win-spark/src/components/offchain-verifier/node_modules/.pnpm/ajv@6.12.6/node_modules/json-schema-traverse/spec/index.spec.js"},{"assertionResults":[{"ancestorTitles":["","json-schema-traverse"],"fullName":" json-schema-traverse should traverse all keywords containing schemas recursively","status":"passed","title":"should traverse all keywords containing schemas recursively","duration":9,"failureMessages":[]},{"ancestorTitles":["","json-schema-traverse","Legacy v0.3.1 API"],"fullName":" json-schema-traverse Legacy v0.3.1 API should traverse all keywords containing schemas recursively","status":"passed","title":"should traverse all keywords containing schemas recursively","duration":1,"failureMessages":[]},{"ancestorTitles":["","json-schema-traverse","Legacy v0.3.1 API"],"fullName":" json-schema-traverse Legacy v0.3.1 API should work when an options object is provided","status":"passed","title":"should work when an options object is provided","duration":1,"failureMessages":[]},{"ancestorTitles":["","json-schema-traverse","allKeys option"],"fullName":" json-schema-traverse allKeys option should traverse objects with allKeys: true option","status":"passed","title":"should traverse objects with allKeys: true option","duration":0,"failureMessages":[]},{"ancestorTitles":["","json-schema-traverse","allKeys option"],"fullName":" json-schema-traverse allKeys option should NOT traverse objects with allKeys: false option","status":"passed","title":"should NOT traverse objects with allKeys: false option","duration":0,"failureMessages":[]},{"ancestorTitles":["","json-schema-traverse","allKeys option"],"fullName":" json-schema-traverse allKeys option should NOT traverse objects without allKeys option","status":"passed","title":"should NOT traverse objects without allKeys option","duration":1,"failureMessages":[]},{"ancestorTitles":["","json-schema-traverse","allKeys option"],"fullName":" json-schema-traverse allKeys option should NOT travers objects in standard keywords which value is not a schema","status":"passed","title":"should NOT travers objects in standard keywords which value is not a schema","duration":0,"failureMessages":[]},{"ancestorTitles":["","json-schema-traverse","pre and post"],"fullName":" json-schema-traverse pre and post should traverse schema in pre-order","status":"passed","title":"should traverse schema in pre-order","duration":1,"failureMessages":[]},{"ancestorTitles":["","json-schema-traverse","pre and post"],"fullName":" json-schema-traverse pre and post should traverse schema in post-order","status":"passed","title":"should traverse schema in post-order","duration":0,"failureMessages":[]},{"ancestorTitles":["","json-schema-traverse","pre and post"],"fullName":" json-schema-traverse pre and post should traverse schema in pre- and post-order at the same time","status":"passed","title":"should traverse schema in pre- and post-order at the same time","duration":1,"failureMessages":[]}],"startTime":1754149297636,"endTime":1754149297652,"status":"passed","message":"","name":"/Users/dina/squdy-win-spark/src/components/offchain-verifier/node_modules/.pnpm/json-schema-traverse@0.4.1/node_modules/json-schema-traverse/spec/index.spec.js"}]}